#
# There is insufficient memory for the Java Runtime Environment to continue.
# Native memory allocation (mmap) failed to map 46137344 bytes for G1 virtual space
# Possible reasons:
#   The system is out of physical RAM or swap space
#   The process is running with CompressedOops enabled, and the Java Heap may be blocking the growth of the native heap
# Possible solutions:
#   Reduce memory load on the system
#   Increase physical memory or swap space
#   Check if swap backing store is full
#   Decrease Java heap size (-Xmx/-Xms)
#   Decrease number of Java threads
#   Decrease Java thread stack sizes (-Xss)
#   Set larger code cache with -XX:ReservedCodeCacheSize=
#   JVM is running with Zero Based Compressed Oops mode in which the Java heap is
#     placed in the first 32GB address space. The Java Heap base address is the
#     maximum limit for the native heap growth. Please use -XX:HeapBaseMinAddress
#     to set the Java Heap base and to place the Java Heap above 32GB virtual address.
# This output file may be truncated or incomplete.
#
#  Out of Memory Error (os_windows.cpp:3825), pid=115572, tid=114824
#
# JRE version: OpenJDK Runtime Environment JBR-17.0.9+8-1166.2-nomod (17.0.9+8) (build 17.0.9+8-b1166.2)
# Java VM: OpenJDK 64-Bit Server VM JBR-17.0.9+8-1166.2-nomod (17.0.9+8-b1166.2, mixed mode, tiered, compressed oops, compressed class ptrs, g1 gc, windows-amd64)
# No core dump will be written. Minidumps are not enabled by default on client versions of Windows
#

---------------  S U M M A R Y ------------

Command Line: --module-path=C:\Users\zeddi\.m2\repository\org\openjfx\javafx-base\21.0.2\javafx-base-21.0.2-win.jar;C:\Users\zeddi\.m2\repository\org\openjfx\javafx-base\21.0.2\javafx-base-21.0.2.jar;C:\Users\zeddi\.m2\repository\org\openjfx\javafx-controls\21.0.2\javafx-controls-21.0.2-win.jar;C:\Users\zeddi\.m2\repository\org\openjfx\javafx-controls\21.0.2\javafx-controls-21.0.2.jar;C:\Users\zeddi\.m2\repository\org\openjfx\javafx-fxml\21.0.2\javafx-fxml-21.0.2-win.jar;C:\Users\zeddi\.m2\repository\org\openjfx\javafx-fxml\21.0.2\javafx-fxml-21.0.2.jar;C:\Users\zeddi\.m2\repository\org\openjfx\javafx-graphics\21.0.2\javafx-graphics-21.0.2-win.jar;C:\Users\zeddi\.m2\repository\org\openjfx\javafx-graphics\21.0.2\javafx-graphics-21.0.2.jar --add-modules=javafx.base,javafx.controls,javafx.fxml,javafx.graphics edu.esprit.example.MainFX

Host: 11th Gen Intel(R) Core(TM) i5-1135G7 @ 2.40GHz, 8 cores, 15G,  Windows 11 , 64 bit Build 22621 (10.0.22621.3085)
Time: Tue Mar  5 23:42:31 2024 Changement de date elapsed time: 843.719258 seconds (0d 0h 14m 3s)

---------------  T H R E A D  ---------------

Current thread (0x0000015c61ec07d0):  VMThread "VM Thread" [stack: 0x0000002505c00000,0x0000002505d00000] [id=114824]

Stack: [0x0000002505c00000,0x0000002505d00000]
Native frames: (J=compiled Java code, j=interpreted, Vv=VM code, C=native code)
V  [jvm.dll+0x688349]
V  [jvm.dll+0x841bfa]
V  [jvm.dll+0x84383e]
V  [jvm.dll+0x843ea3]
V  [jvm.dll+0x24bdef]
V  [jvm.dll+0x6850f9]
V  [jvm.dll+0x67988a]
V  [jvm.dll+0x30cbfb]
V  [jvm.dll+0x3140a6]
V  [jvm.dll+0x363ede]
V  [jvm.dll+0x36410f]
V  [jvm.dll+0x2e29c8]
V  [jvm.dll+0x2e0ba4]
V  [jvm.dll+0x2e01ac]
V  [jvm.dll+0x32507b]
V  [jvm.dll+0x84859b]
V  [jvm.dll+0x8492e1]
V  [jvm.dll+0x8497fd]
V  [jvm.dll+0x849bd4]
V  [jvm.dll+0x849ca0]
V  [jvm.dll+0x7f043a]
V  [jvm.dll+0x6871c5]
C  [ucrtbase.dll+0x29363]
C  [KERNEL32.DLL+0x1257d]
C  [ntdll.dll+0x5aa58]

VM_Operation (0x0000002506bfcf90): G1CollectForAllocation, mode: safepoint, requested by thread 0x0000015c67487240


---------------  P R O C E S S  ---------------

Threads class SMR info:
_java_thread_list=0x0000015c6cf84b80, length=23, elements={
0x0000015c43a7c710, 0x0000015c61ec43a0, 0x0000015c61ec4f60, 0x0000015c625f5a20,
0x0000015c625f85f0, 0x0000015c625fb1c0, 0x0000015c625fb790, 0x0000015c625fca90,
0x0000015c62611810, 0x0000015c62613540, 0x0000015c626f8ca0, 0x0000015c67015080,
0x0000015c673063e0, 0x0000015c675abef0, 0x0000015c67487240, 0x0000015c6c160320,
0x0000015c677da730, 0x0000015c6c29b6b0, 0x0000015c6c7284d0, 0x0000015c6c728ef0,
0x0000015c6c729910, 0x0000015c6c729400, 0x0000015c6f35f470
}

Java Threads: ( => current thread )
  0x0000015c43a7c710 JavaThread "main" [_thread_blocked, id=108656, stack(0x0000002505600000,0x0000002505700000)]
  0x0000015c61ec43a0 JavaThread "Reference Handler" daemon [_thread_blocked, id=117140, stack(0x0000002505d00000,0x0000002505e00000)]
  0x0000015c61ec4f60 JavaThread "Finalizer" daemon [_thread_blocked, id=13228, stack(0x0000002505e00000,0x0000002505f00000)]
  0x0000015c625f5a20 JavaThread "Signal Dispatcher" daemon [_thread_blocked, id=113608, stack(0x0000002505f00000,0x0000002506000000)]
  0x0000015c625f85f0 JavaThread "Attach Listener" daemon [_thread_blocked, id=90000, stack(0x0000002506000000,0x0000002506100000)]
  0x0000015c625fb1c0 JavaThread "Service Thread" daemon [_thread_blocked, id=99604, stack(0x0000002506100000,0x0000002506200000)]
  0x0000015c625fb790 JavaThread "Monitor Deflation Thread" daemon [_thread_blocked, id=102656, stack(0x0000002506200000,0x0000002506300000)]
  0x0000015c625fca90 JavaThread "C2 CompilerThread0" daemon [_thread_blocked, id=111156, stack(0x0000002506300000,0x0000002506400000)]
  0x0000015c62611810 JavaThread "C1 CompilerThread0" daemon [_thread_blocked, id=21404, stack(0x0000002506400000,0x0000002506500000)]
  0x0000015c62613540 JavaThread "Sweeper thread" daemon [_thread_blocked, id=59932, stack(0x0000002506500000,0x0000002506600000)]
  0x0000015c626f8ca0 JavaThread "Common-Cleaner" daemon [_thread_blocked, id=114948, stack(0x0000002506600000,0x0000002506700000)]
  0x0000015c67015080 JavaThread "Notification Thread" daemon [_thread_blocked, id=109740, stack(0x0000002506900000,0x0000002506a00000)]
  0x0000015c673063e0 JavaThread "QuantumRenderer-0" daemon [_thread_blocked, id=104812, stack(0x0000002506800000,0x0000002506900000)]
  0x0000015c675abef0 JavaThread "InvokeLaterDispatcher" daemon [_thread_blocked, id=107812, stack(0x0000002506700000,0x0000002506800000)]
  0x0000015c67487240 JavaThread "JavaFX Application Thread" [_thread_blocked, id=113500, stack(0x0000002506b00000,0x0000002506c00000)]
  0x0000015c6c160320 JavaThread "JavaFX-Launcher" [_thread_blocked, id=114280, stack(0x0000002507000000,0x0000002507100000)]
  0x0000015c677da730 JavaThread "Thread-2" daemon [_thread_in_native, id=115212, stack(0x0000002506f00000,0x0000002507000000)]
  0x0000015c6c29b6b0 JavaThread "mysql-cj-abandoned-connection-cleanup" daemon [_thread_blocked, id=116132, stack(0x0000002507600000,0x0000002507700000)]
  0x0000015c6c7284d0 JavaThread "Prism Font Disposer" daemon [_thread_blocked, id=113864, stack(0x0000002507800000,0x0000002507900000)]
  0x0000015c6c728ef0 JavaThread "Cleaner-0" daemon [_thread_blocked, id=90552, stack(0x0000002507700000,0x0000002507800000)]
  0x0000015c6c729910 JavaThread "pool-2-thread-1" [_thread_blocked, id=117816, stack(0x0000002507d00000,0x0000002507e00000)]
  0x0000015c6c729400 JavaThread "pool-3-thread-1" [_thread_blocked, id=118708, stack(0x0000002508300000,0x0000002508400000)]
  0x0000015c6f35f470 JavaThread "C2 CompilerThread1" daemon [_thread_blocked, id=120732, stack(0x0000002508500000,0x0000002508600000)]

Other Threads:
=>0x0000015c61ec07d0 VMThread "VM Thread" [stack: 0x0000002505c00000,0x0000002505d00000] [id=114824]
  0x0000015c67078440 WatcherThread [stack: 0x0000002506a00000,0x0000002506b00000] [id=34172]
  0x0000015c43ae9660 GCTaskThread "GC Thread#0" [stack: 0x0000002505700000,0x0000002505800000] [id=92532]
  0x0000015c677db030 GCTaskThread "GC Thread#1" [stack: 0x0000002507100000,0x0000002507200000] [id=27328]
  0x0000015c677f0140 GCTaskThread "GC Thread#2" [stack: 0x0000002507200000,0x0000002507300000] [id=110724]
  0x0000015c677f0800 GCTaskThread "GC Thread#3" [stack: 0x0000002507300000,0x0000002507400000] [id=78960]
  0x0000015c677f0ac0 GCTaskThread "GC Thread#4" [stack: 0x0000002507400000,0x0000002507500000] [id=111436]
  0x0000015c6c17c6f0 GCTaskThread "GC Thread#5" [stack: 0x0000002507500000,0x0000002507600000] [id=112472]
  0x0000015c6d11eca0 GCTaskThread "GC Thread#6" [stack: 0x0000002507900000,0x0000002507a00000] [id=88624]
  0x0000015c6ccb5cc0 GCTaskThread "GC Thread#7" [stack: 0x0000002507a00000,0x0000002507b00000] [id=106608]
  0x0000015c43afa0f0 ConcurrentGCThread "G1 Main Marker" [stack: 0x0000002505800000,0x0000002505900000] [id=105528]
  0x0000015c43afb2b0 ConcurrentGCThread "G1 Conc#0" [stack: 0x0000002505900000,0x0000002505a00000] [id=112296]
  0x0000015c6c8c4de0 ConcurrentGCThread "G1 Conc#1" [stack: 0x0000002507b00000,0x0000002507c00000] [id=107984]
  0x0000015c61d9b420 ConcurrentGCThread "G1 Refine#0" [stack: 0x0000002505a00000,0x0000002505b00000] [id=45560]
  0x0000015c6c3858f0 ConcurrentGCThread "G1 Refine#1" [stack: 0x0000002507c00000,0x0000002507d00000] [id=52968]
  0x0000015c61d9bd60 ConcurrentGCThread "G1 Service" [stack: 0x0000002505b00000,0x0000002505c00000] [id=118368]

Threads with active compile tasks:
C2 CompilerThread0   844347 5725       4       de.jensd.fx.glyphs.GlyphIcon$$Lambda$654/0x0000000800406ca8::invalidated (9 bytes)
C2 CompilerThread1   844348 5726       4       de.jensd.fx.glyphs.GlyphIcon::setGlyphStyle (45 bytes)

VM state: at safepoint (normal execution)

VM Mutex/Monitor currently owned by a thread:  ([mutex/lock_event])
[0x0000015c43a76ae0] Threads_lock - owner thread: 0x0000015c61ec07d0
[0x0000015c43a75d60] Heap_lock - owner thread: 0x0000015c67487240

Heap address: 0x0000000704c00000, size: 4020 MB, Compressed Oops mode: Zero based, Oop shift amount: 3

CDS archive(s) not mapped
Compressed class space mapped at: 0x0000000800000000-0x0000000840000000, reserved size: 1073741824
Narrow klass base: 0x0000000800000000, Narrow klass shift: 0, Narrow klass range: 0x40000000

GC Precious Log:
 CPUs: 8 total, 8 available
 Memory: 16078M
 Large Page Support: Disabled
 NUMA Support: Disabled
 Compressed Oops: Enabled (Zero based)
 Heap Region Size: 2M
 Heap Min Capacity: 8M
 Heap Initial Capacity: 252M
 Heap Max Capacity: 4020M
 Pre-touch: Disabled
 Parallel Workers: 8
 Concurrent Workers: 2
 Concurrent Refinement Workers: 8
 Periodic GC: Disabled

Heap:
 garbage-first heap   total 182272K, used 101984K [0x0000000704c00000, 0x0000000800000000)
  region size 2048K, 2 young (4096K), 2 survivors (4096K)
 Metaspace       used 32431K, committed 32768K, reserved 1114112K
  class space    used 4040K, committed 4224K, reserved 1048576K

Heap Regions: E=young(eden), S=young(survivor), O=old, HS=humongous(starts), HC=humongous(continues), CS=collection set, F=free, OA=open archive, CA=closed archive, TAMS=top-at-mark-start (previous, next)
|   0|0x0000000704c00000, 0x0000000704e00000, 0x0000000704e00000|100%| O|  |TAMS 0x0000000704e00000, 0x0000000704c00000| Untracked 
|   1|0x0000000704e00000, 0x0000000705000000, 0x0000000705000000|100%|HS|  |TAMS 0x0000000705000000, 0x0000000704e00000| Complete 
|   2|0x0000000705000000, 0x0000000705200000, 0x0000000705200000|100%| O|  |TAMS 0x0000000705200000, 0x0000000705000000| Updating 
|   3|0x0000000705200000, 0x0000000705400000, 0x0000000705400000|100%| O|  |TAMS 0x0000000705400000, 0x0000000705200000| Untracked 
|   4|0x0000000705400000, 0x0000000705600000, 0x0000000705600000|100%| O|  |TAMS 0x0000000705600000, 0x0000000705400000| Updating 
|   5|0x0000000705600000, 0x0000000705800000, 0x0000000705800000|100%| O|  |TAMS 0x0000000705800000, 0x0000000705600000| Untracked 
|   6|0x0000000705800000, 0x0000000705a00000, 0x0000000705a00000|100%| O|  |TAMS 0x0000000705a00000, 0x0000000705800000| Untracked 
|   7|0x0000000705a00000, 0x0000000705c00000, 0x0000000705c00000|100%| O|  |TAMS 0x0000000705c00000, 0x0000000705a00000| Untracked 
|   8|0x0000000705c00000, 0x0000000705e00000, 0x0000000705e00000|100%| O|  |TAMS 0x0000000705e00000, 0x0000000705c00000| Untracked 
|   9|0x0000000705e00000, 0x0000000706000000, 0x0000000706000000|100%| O|  |TAMS 0x0000000706000000, 0x0000000705e00000| Untracked 
|  10|0x0000000706000000, 0x0000000706200000, 0x0000000706200000|100%| O|  |TAMS 0x0000000706200000, 0x0000000706000000| Untracked 
|  11|0x0000000706200000, 0x0000000706400000, 0x0000000706400000|100%| O|  |TAMS 0x0000000706400000, 0x0000000706200000| Untracked 
|  12|0x0000000706400000, 0x0000000706600000, 0x0000000706600000|100%| O|  |TAMS 0x0000000706600000, 0x0000000706400000| Untracked 
|  13|0x0000000706600000, 0x0000000706800000, 0x0000000706800000|100%| O|  |TAMS 0x0000000706800000, 0x0000000706600000| Updating 
|  14|0x0000000706800000, 0x0000000706a00000, 0x0000000706a00000|100%| O|  |TAMS 0x0000000706a00000, 0x0000000706800000| Untracked 
|  15|0x0000000706a00000, 0x0000000706c00000, 0x0000000706c00000|100%| O|  |TAMS 0x0000000706c00000, 0x0000000706a00000| Untracked 
|  16|0x0000000706c00000, 0x0000000706e00000, 0x0000000706e00000|100%| O|  |TAMS 0x0000000706e00000, 0x0000000706c00000| Untracked 
|  17|0x0000000706e00000, 0x0000000707000000, 0x0000000707000000|100%| O|  |TAMS 0x0000000707000000, 0x0000000706e00000| Untracked 
|  18|0x0000000707000000, 0x0000000707200000, 0x0000000707200000|100%| O|  |TAMS 0x0000000707200000, 0x0000000707000000| Untracked 
|  19|0x0000000707200000, 0x0000000707400000, 0x0000000707400000|100%| O|  |TAMS 0x0000000707400000, 0x0000000707200000| Untracked 
|  20|0x0000000707400000, 0x0000000707600000, 0x0000000707600000|100%| O|  |TAMS 0x0000000707600000, 0x0000000707400000| Untracked 
|  21|0x0000000707600000, 0x0000000707800000, 0x0000000707800000|100%| O|  |TAMS 0x0000000707800000, 0x0000000707600000| Untracked 
|  22|0x0000000707800000, 0x0000000707a00000, 0x0000000707a00000|100%| O|  |TAMS 0x0000000707a00000, 0x0000000707800000| Updating 
|  23|0x0000000707a00000, 0x0000000707c00000, 0x0000000707c00000|100%| O|  |TAMS 0x0000000707c00000, 0x0000000707a00000| Untracked 
|  24|0x0000000707c00000, 0x0000000707e00000, 0x0000000707e00000|100%| O|  |TAMS 0x0000000707e00000, 0x0000000707c00000| Untracked 
|  25|0x0000000707e00000, 0x0000000708000000, 0x0000000708000000|100%| O|  |TAMS 0x0000000708000000, 0x0000000707e00000| Untracked 
|  26|0x0000000708000000, 0x0000000708200000, 0x0000000708200000|100%| O|  |TAMS 0x0000000708200000, 0x0000000708000000| Untracked 
|  27|0x0000000708200000, 0x0000000708400000, 0x0000000708400000|100%| O|  |TAMS 0x0000000708400000, 0x0000000708200000| Untracked 
|  28|0x0000000708400000, 0x0000000708600000, 0x0000000708600000|100%| O|  |TAMS 0x0000000708600000, 0x0000000708400000| Untracked 
|  29|0x0000000708600000, 0x0000000708800000, 0x0000000708800000|100%| O|  |TAMS 0x0000000708800000, 0x0000000708600000| Untracked 
|  30|0x0000000708800000, 0x0000000708a00000, 0x0000000708a00000|100%| O|  |TAMS 0x0000000708a00000, 0x0000000708800000| Updating 
|  31|0x0000000708a00000, 0x0000000708c00000, 0x0000000708c00000|100%| O|  |TAMS 0x0000000708c00000, 0x0000000708a00000| Untracked 
|  32|0x0000000708c00000, 0x0000000708e00000, 0x0000000708e00000|100%| O|  |TAMS 0x0000000708e00000, 0x0000000708c00000| Untracked 
|  33|0x0000000708e00000, 0x0000000709000000, 0x0000000709000000|100%| O|  |TAMS 0x0000000708e00000, 0x0000000708e00000| Untracked 
|  34|0x0000000709000000, 0x0000000709200000, 0x0000000709200000|100%| O|  |TAMS 0x0000000709000000, 0x0000000709000000| Untracked 
|  35|0x0000000709200000, 0x0000000709400000, 0x0000000709400000|100%| O|  |TAMS 0x0000000709200000, 0x0000000709200000| Untracked 
|  36|0x0000000709400000, 0x0000000709600000, 0x0000000709600000|100%| O|  |TAMS 0x0000000709400000, 0x0000000709400000| Untracked 
|  37|0x0000000709600000, 0x0000000709800000, 0x0000000709800000|100%| O|  |TAMS 0x0000000709600000, 0x0000000709600000| Untracked 
|  38|0x0000000709800000, 0x0000000709a00000, 0x0000000709a00000|100%| O|  |TAMS 0x0000000709a00000, 0x0000000709800000| Updating 
|  39|0x0000000709a00000, 0x0000000709c00000, 0x0000000709c00000|100%| O|  |TAMS 0x0000000709a80400, 0x0000000709a00000| Updating 
|  40|0x0000000709c00000, 0x0000000709e00000, 0x0000000709e00000|100%| O|  |TAMS 0x0000000709c00000, 0x0000000709c00000| Untracked 
|  41|0x0000000709e00000, 0x000000070a000000, 0x000000070a000000|100%| O|  |TAMS 0x0000000709e00000, 0x0000000709e00000| Untracked 
|  42|0x000000070a000000, 0x000000070a200000, 0x000000070a200000|100%| O|  |TAMS 0x000000070a000000, 0x000000070a000000| Updating 
|  43|0x000000070a200000, 0x000000070a400000, 0x000000070a400000|100%| O|  |TAMS 0x000000070a200000, 0x000000070a200000| Untracked 
|  44|0x000000070a400000, 0x000000070a600000, 0x000000070a600000|100%| O|  |TAMS 0x000000070a400000, 0x000000070a400000| Untracked 
|  45|0x000000070a600000, 0x000000070a800000, 0x000000070a800000|100%| O|  |TAMS 0x000000070a600000, 0x000000070a600000| Untracked 
|  46|0x000000070a800000, 0x000000070aa00000, 0x000000070aa00000|100%| O|  |TAMS 0x000000070a800000, 0x000000070a800000| Untracked 
|  47|0x000000070aa00000, 0x000000070ab98200, 0x000000070ac00000| 79%| O|  |TAMS 0x000000070aa00000, 0x000000070aa00000| Untracked 
|  48|0x000000070ac00000, 0x000000070ac00000, 0x000000070ae00000|  0%| F|  |TAMS 0x000000070ac00000, 0x000000070ac00000| Untracked 
|  49|0x000000070ae00000, 0x000000070ae00000, 0x000000070b000000|  0%| F|  |TAMS 0x000000070ae00000, 0x000000070ae00000| Untracked 
|  50|0x000000070b000000, 0x000000070b000000, 0x000000070b200000|  0%| F|  |TAMS 0x000000070b000000, 0x000000070b000000| Untracked 
|  51|0x000000070b200000, 0x000000070b200000, 0x000000070b400000|  0%| F|  |TAMS 0x000000070b200000, 0x000000070b200000| Untracked 
|  52|0x000000070b400000, 0x000000070b400000, 0x000000070b600000|  0%| F|  |TAMS 0x000000070b400000, 0x000000070b400000| Untracked 
|  53|0x000000070b600000, 0x000000070b600000, 0x000000070b800000|  0%| F|  |TAMS 0x000000070b600000, 0x000000070b600000| Untracked 
|  54|0x000000070b800000, 0x000000070b800000, 0x000000070ba00000|  0%| F|  |TAMS 0x000000070b800000, 0x000000070b800000| Untracked 
|  55|0x000000070ba00000, 0x000000070ba00000, 0x000000070bc00000|  0%| F|  |TAMS 0x000000070ba00000, 0x000000070ba00000| Untracked 
|  56|0x000000070bc00000, 0x000000070bc00000, 0x000000070be00000|  0%| F|  |TAMS 0x000000070bc00000, 0x000000070bc00000| Untracked 
|  57|0x000000070be00000, 0x000000070be00000, 0x000000070c000000|  0%| F|  |TAMS 0x000000070be00000, 0x000000070be00000| Untracked 
|  58|0x000000070c000000, 0x000000070c000000, 0x000000070c200000|  0%| F|  |TAMS 0x000000070c000000, 0x000000070c000000| Untracked 
|  59|0x000000070c200000, 0x000000070c200000, 0x000000070c400000|  0%| F|  |TAMS 0x000000070c200000, 0x000000070c200000| Untracked 
|  60|0x000000070c400000, 0x000000070c400000, 0x000000070c600000|  0%| F|  |TAMS 0x000000070c400000, 0x000000070c400000| Untracked 
|  61|0x000000070c600000, 0x000000070c600000, 0x000000070c800000|  0%| F|  |TAMS 0x000000070c600000, 0x000000070c600000| Untracked 
|  62|0x000000070c800000, 0x000000070c800000, 0x000000070ca00000|  0%| F|  |TAMS 0x000000070c800000, 0x000000070c800000| Untracked 
|  63|0x000000070ca00000, 0x000000070ca00000, 0x000000070cc00000|  0%| F|  |TAMS 0x000000070ca00000, 0x000000070ca00000| Untracked 
|  64|0x000000070cc00000, 0x000000070cc00000, 0x000000070ce00000|  0%| F|  |TAMS 0x000000070cc00000, 0x000000070cc00000| Untracked 
|  65|0x000000070ce00000, 0x000000070ce00000, 0x000000070d000000|  0%| F|  |TAMS 0x000000070ce00000, 0x000000070ce00000| Untracked 
|  66|0x000000070d000000, 0x000000070d000000, 0x000000070d200000|  0%| F|  |TAMS 0x000000070d000000, 0x000000070d000000| Untracked 
|  67|0x000000070d200000, 0x000000070d200000, 0x000000070d400000|  0%| F|  |TAMS 0x000000070d200000, 0x000000070d200000| Untracked 
|  68|0x000000070d400000, 0x000000070d400000, 0x000000070d600000|  0%| F|  |TAMS 0x000000070d400000, 0x000000070d400000| Untracked 
|  69|0x000000070d600000, 0x000000070d600000, 0x000000070d800000|  0%| F|  |TAMS 0x000000070d600000, 0x000000070d600000| Untracked 
|  70|0x000000070d800000, 0x000000070d800000, 0x000000070da00000|  0%| F|  |TAMS 0x000000070d800000, 0x000000070d800000| Untracked 
|  71|0x000000070da00000, 0x000000070da00000, 0x000000070dc00000|  0%| F|  |TAMS 0x000000070da00000, 0x000000070da00000| Untracked 
|  72|0x000000070dc00000, 0x000000070dc00000, 0x000000070de00000|  0%| F|  |TAMS 0x000000070dc00000, 0x000000070dc00000| Untracked 
|  73|0x000000070de00000, 0x000000070de00000, 0x000000070e000000|  0%| F|  |TAMS 0x000000070de00000, 0x000000070de00000| Untracked 
|  74|0x000000070e000000, 0x000000070e000000, 0x000000070e200000|  0%| F|  |TAMS 0x000000070e000000, 0x000000070e000000| Untracked 
|  75|0x000000070e200000, 0x000000070e200000, 0x000000070e400000|  0%| F|  |TAMS 0x000000070e200000, 0x000000070e200000| Untracked 
|  76|0x000000070e400000, 0x000000070e400000, 0x000000070e600000|  0%| F|  |TAMS 0x000000070e400000, 0x000000070e400000| Untracked 
|  77|0x000000070e600000, 0x000000070e600000, 0x000000070e800000|  0%| F|  |TAMS 0x000000070e600000, 0x000000070e600000| Untracked 
|  78|0x000000070e800000, 0x000000070e800000, 0x000000070ea00000|  0%| F|  |TAMS 0x000000070e800000, 0x000000070e800000| Untracked 
|  79|0x000000070ea00000, 0x000000070ea00000, 0x000000070ec00000|  0%| F|  |TAMS 0x000000070ea00000, 0x000000070ea00000| Untracked 
|  80|0x000000070ec00000, 0x000000070ec00000, 0x000000070ee00000|  0%| F|  |TAMS 0x000000070ec00000, 0x000000070ec00000| Untracked 
|  81|0x000000070ee00000, 0x000000070ee00000, 0x000000070f000000|  0%| F|  |TAMS 0x000000070ee00000, 0x000000070ee00000| Untracked 
|  82|0x000000070f000000, 0x000000070f000000, 0x000000070f200000|  0%| F|  |TAMS 0x000000070f000000, 0x000000070f000000| Untracked 
|  83|0x000000070f200000, 0x000000070f400000, 0x000000070f400000|100%| S|CS|TAMS 0x000000070f200000, 0x000000070f200000| Complete 
|  84|0x000000070f400000, 0x000000070f600000, 0x000000070f600000|100%| S|CS|TAMS 0x000000070f400000, 0x000000070f400000| Complete 
| 107|0x0000000712200000, 0x0000000712200000, 0x0000000712400000|  0%| F|  |TAMS 0x0000000712200000, 0x0000000712200000| Untracked 
| 108|0x0000000712400000, 0x0000000712400000, 0x0000000712600000|  0%| F|  |TAMS 0x0000000712400000, 0x0000000712400000| Untracked 
| 109|0x0000000712600000, 0x0000000712600000, 0x0000000712800000|  0%| F|  |TAMS 0x0000000712600000, 0x0000000712600000| Untracked 
| 125|0x0000000714600000, 0x0000000714600000, 0x0000000714800000|  0%| F|  |TAMS 0x0000000714600000, 0x0000000714600000| Untracked 

Card table byte_map: [0x0000015c56d50000,0x0000015c57530000] _byte_map_base: 0x0000015c5352a000

Marking Bits (Prev, Next): (CMBitMap*) 0x0000015c43ae9cc0, (CMBitMap*) 0x0000015c43ae9c80
 Prev Bits: [0x0000015c5bbe0000, 0x0000015c5fab0000)
 Next Bits: [0x0000015c57d10000, 0x0000015c5bbe0000)

Polling page: 0x0000015c43230000

Metaspace:

Usage:
  Non-class:     27.73 MB used.
      Class:      3.95 MB used.
       Both:     31.67 MB used.

Virtual space:
  Non-class space:       64.00 MB reserved,      27.88 MB ( 44%) committed,  1 nodes.
      Class space:        1.00 GB reserved,       4.12 MB ( <1%) committed,  1 nodes.
             Both:        1.06 GB reserved,      32.00 MB (  3%) committed. 

Chunk freelists:
   Non-Class:  3.80 MB
       Class:  11.71 MB
        Both:  15.51 MB

MaxMetaspaceSize: unlimited
CompressedClassSpaceSize: 1.00 GB
Initial GC threshold: 21.00 MB
Current GC threshold: 53.38 MB
CDS: off
MetaspaceReclaimPolicy: balanced
 - commit_granule_bytes: 65536.
 - commit_granule_words: 8192.
 - virtual_space_node_default_size: 8388608.
 - enlarge_chunks_in_place: 1.
 - new_chunks_are_fully_committed: 0.
 - uncommit_free_chunks: 1.
 - use_allocation_guard: 0.
 - handle_deallocations: 1.


Internal statistics:

num_allocs_failed_limit: 3.
num_arena_births: 330.
num_arena_deaths: 0.
num_vsnodes_births: 2.
num_vsnodes_deaths: 0.
num_space_committed: 512.
num_space_uncommitted: 0.
num_chunks_returned_to_freelist: 3.
num_chunks_taken_from_freelist: 1157.
num_chunk_merges: 3.
num_chunk_splits: 800.
num_chunks_enlarged: 580.
num_inconsistent_stats: 0.

CodeHeap 'non-profiled nmethods': size=120000Kb used=3476Kb max_used=3476Kb free=116523Kb
 bounds [0x0000015c4ed10000, 0x0000015c4f080000, 0x0000015c56240000]
CodeHeap 'profiled nmethods': size=120000Kb used=9798Kb max_used=12419Kb free=110201Kb
 bounds [0x0000015c47240000, 0x0000015c47e70000, 0x0000015c4e770000]
CodeHeap 'non-nmethods': size=5760Kb used=1502Kb max_used=1571Kb free=4257Kb
 bounds [0x0000015c4e770000, 0x0000015c4e9e0000, 0x0000015c4ed10000]
 total_blobs=5771 nmethods=4901 adapters=780
 compilation: enabled
              stopped_count=0, restarted_count=0
 full_count=0

Compilation events (20 events):
Event: 843.326 Thread 0x0000015c6f35f470 nmethod 5719 0x0000015c4f06c090 code [0x0000015c4f06c220, 0x0000015c4f06c578]
Event: 843.326 Thread 0x0000015c6f35f470 5717       4       javafx.scene.paint.Color::<init> (141 bytes)
Event: 843.333 Thread 0x0000015c6f35f470 nmethod 5717 0x0000015c4f06c690 code [0x0000015c4f06c840, 0x0000015c4f06cb78]
Event: 843.333 Thread 0x0000015c6f35f470 5715       4       javafx.collections.ModifiableObservableListBase$SubObservableList::iterator (10 bytes)
Event: 843.347 Thread 0x0000015c6f35f470 nmethod 5715 0x0000015c4f06cc90 code [0x0000015c4f06ce20, 0x0000015c4f06d098]
Event: 843.347 Thread 0x0000015c6f35f470 5716       4       java.util.AbstractList$SubList::iterator (5 bytes)
Event: 843.360 Thread 0x0000015c6f35f470 nmethod 5716 0x0000015c4f06d290 code [0x0000015c4f06d420, 0x0000015c4f06d658]
Event: 843.360 Thread 0x0000015c6f35f470 5714       4       java.util.ArrayList::<init> (63 bytes)
Event: 843.404 Thread 0x0000015c6f35f470 nmethod 5714 0x0000015c4f06d810 code [0x0000015c4f06d9c0, 0x0000015c4f06de78]
Event: 843.407 Thread 0x0000015c6f35f470 5721       4       com.sun.javafx.css.StyleClassSet::size (5 bytes)
Event: 843.417 Thread 0x0000015c6f35f470 nmethod 5721 0x0000015c4f06e090 code [0x0000015c4f06e200, 0x0000015c4f06e318]
Event: 843.421 Thread 0x0000015c625fca90 nmethod 5712 0x0000015c4f06e410 code [0x0000015c4f06e6c0, 0x0000015c4f0712f0]
Event: 843.474 Thread 0x0000015c625fca90 5722       4       javafx.css.CssParser::selectors (135 bytes)
Event: 843.475 Thread 0x0000015c6f35f470 5723       4       javafx.css.CssParser::declarations (159 bytes)
Event: 843.545 Thread 0x0000015c625fca90 nmethod 5722 0x0000015c4f072110 code [0x0000015c4f0722e0, 0x0000015c4f072e48]
Event: 843.545 Thread 0x0000015c625fca90 5724       4       javafx.css.CssParser::simpleSelector (482 bytes)
Event: 843.554 Thread 0x0000015c625fca90 nmethod 5724 0x0000015c4f073410 code [0x0000015c4f0735a0, 0x0000015c4f073708]
Event: 843.577 Thread 0x0000015c625fca90 5725       4       de.jensd.fx.glyphs.GlyphIcon$$Lambda$654/0x0000000800406ca8::invalidated (9 bytes)
Event: 843.589 Thread 0x0000015c6f35f470 nmethod 5723 0x0000015c4f073890 code [0x0000015c4f073aa0, 0x0000015c4f074958]
Event: 843.589 Thread 0x0000015c6f35f470 5726       4       de.jensd.fx.glyphs.GlyphIcon::setGlyphStyle (45 bytes)

GC Heap History (20 events):
Event: 2.146 GC heap after
{Heap after GC invocations=5 (full 0):
 garbage-first heap   total 40960K, used 10006K [0x0000000704c00000, 0x0000000800000000)
  region size 2048K, 1 young (2048K), 1 survivors (2048K)
 Metaspace       used 26537K, committed 26816K, reserved 1114112K
  class space    used 3568K, committed 3712K, reserved 1048576K
}
Event: 4.884 GC heap before
{Heap before GC invocations=5 (full 0):
 garbage-first heap   total 40960K, used 28438K [0x0000000704c00000, 0x0000000800000000)
  region size 2048K, 9 young (18432K), 1 survivors (2048K)
 Metaspace       used 29779K, committed 30080K, reserved 1114112K
  class space    used 3947K, committed 4096K, reserved 1048576K
}
Event: 4.889 GC heap after
{Heap after GC invocations=6 (full 0):
 garbage-first heap   total 40960K, used 16226K [0x0000000704c00000, 0x0000000800000000)
  region size 2048K, 2 young (4096K), 2 survivors (4096K)
 Metaspace       used 29779K, committed 30080K, reserved 1114112K
  class space    used 3947K, committed 4096K, reserved 1048576K
}
Event: 9.604 GC heap before
{Heap before GC invocations=6 (full 0):
 garbage-first heap   total 40960K, used 28514K [0x0000000704c00000, 0x0000000800000000)
  region size 2048K, 8 young (16384K), 2 survivors (4096K)
 Metaspace       used 31316K, committed 31616K, reserved 1114112K
  class space    used 4040K, committed 4224K, reserved 1048576K
}
Event: 9.611 GC heap after
{Heap after GC invocations=7 (full 0):
 garbage-first heap   total 40960K, used 19434K [0x0000000704c00000, 0x0000000800000000)
  region size 2048K, 1 young (2048K), 1 survivors (2048K)
 Metaspace       used 31316K, committed 31616K, reserved 1114112K
  class space    used 4040K, committed 4224K, reserved 1048576K
}
Event: 27.352 GC heap before
{Heap before GC invocations=7 (full 0):
 garbage-first heap   total 40960K, used 27626K [0x0000000704c00000, 0x0000000800000000)
  region size 2048K, 5 young (10240K), 1 survivors (2048K)
 Metaspace       used 31864K, committed 32192K, reserved 1114112K
  class space    used 4040K, committed 4224K, reserved 1048576K
}
Event: 27.357 GC heap after
{Heap after GC invocations=8 (full 0):
 garbage-first heap   total 40960K, used 20765K [0x0000000704c00000, 0x0000000800000000)
  region size 2048K, 1 young (2048K), 1 survivors (2048K)
 Metaspace       used 31864K, committed 32192K, reserved 1114112K
  class space    used 4040K, committed 4224K, reserved 1048576K
}
Event: 46.357 GC heap before
{Heap before GC invocations=8 (full 0):
 garbage-first heap   total 40960K, used 28957K [0x0000000704c00000, 0x0000000800000000)
  region size 2048K, 5 young (10240K), 1 survivors (2048K)
 Metaspace       used 32043K, committed 32384K, reserved 1114112K
  class space    used 4040K, committed 4224K, reserved 1048576K
}
Event: 46.361 GC heap after
{Heap after GC invocations=9 (full 0):
 garbage-first heap   total 40960K, used 21027K [0x0000000704c00000, 0x0000000800000000)
  region size 2048K, 1 young (2048K), 1 survivors (2048K)
 Metaspace       used 32043K, committed 32384K, reserved 1114112K
  class space    used 4040K, committed 4224K, reserved 1048576K
}
Event: 836.546 GC heap before
{Heap before GC invocations=10 (full 0):
 garbage-first heap   total 40960K, used 29219K [0x0000000704c00000, 0x0000000800000000)
  region size 2048K, 5 young (10240K), 1 survivors (2048K)
 Metaspace       used 32341K, committed 32640K, reserved 1114112K
  class space    used 4040K, committed 4224K, reserved 1048576K
}
Event: 836.553 GC heap after
{Heap after GC invocations=11 (full 0):
 garbage-first heap   total 149504K, used 24514K [0x0000000704c00000, 0x0000000800000000)
  region size 2048K, 1 young (2048K), 1 survivors (2048K)
 Metaspace       used 32341K, committed 32640K, reserved 1114112K
  class space    used 4040K, committed 4224K, reserved 1048576K
}
Event: 837.419 GC heap before
{Heap before GC invocations=11 (full 0):
 garbage-first heap   total 149504K, used 28610K [0x0000000704c00000, 0x0000000800000000)
  region size 2048K, 3 young (6144K), 1 survivors (2048K)
 Metaspace       used 32355K, committed 32704K, reserved 1114112K
  class space    used 4040K, committed 4224K, reserved 1048576K
}
Event: 837.430 GC heap after
{Heap after GC invocations=12 (full 0):
 garbage-first heap   total 149504K, used 22857K [0x0000000704c00000, 0x0000000800000000)
  region size 2048K, 1 young (2048K), 1 survivors (2048K)
 Metaspace       used 32355K, committed 32704K, reserved 1114112K
  class space    used 4040K, committed 4224K, reserved 1048576K
}
Event: 841.327 GC heap before
{Heap before GC invocations=12 (full 0):
 garbage-first heap   total 149504K, used 92489K [0x0000000704c00000, 0x0000000800000000)
  region size 2048K, 35 young (71680K), 1 survivors (2048K)
 Metaspace       used 32431K, committed 32768K, reserved 1114112K
  class space    used 4040K, committed 4224K, reserved 1048576K
}
Event: 841.441 GC heap after
{Heap after GC invocations=13 (full 0):
 garbage-first heap   total 149504K, used 57173K [0x0000000704c00000, 0x0000000800000000)
  region size 2048K, 5 young (10240K), 5 survivors (10240K)
 Metaspace       used 32431K, committed 32768K, reserved 1114112K
  class space    used 4040K, committed 4224K, reserved 1048576K
}
Event: 842.411 GC heap before
{Heap before GC invocations=13 (full 0):
 garbage-first heap   total 149504K, used 89941K [0x0000000704c00000, 0x0000000800000000)
  region size 2048K, 21 young (43008K), 5 survivors (10240K)
 Metaspace       used 32431K, committed 32768K, reserved 1114112K
  class space    used 4040K, committed 4224K, reserved 1048576K
}
Event: 842.526 GC heap after
{Heap after GC invocations=14 (full 0):
 garbage-first heap   total 149504K, used 76289K [0x0000000704c00000, 0x0000000800000000)
  region size 2048K, 3 young (6144K), 3 survivors (6144K)
 Metaspace       used 32431K, committed 32768K, reserved 1114112K
  class space    used 4040K, committed 4224K, reserved 1048576K
}
Event: 843.085 GC heap before
{Heap before GC invocations=14 (full 0):
 garbage-first heap   total 149504K, used 100865K [0x0000000704c00000, 0x0000000800000000)
  region size 2048K, 15 young (30720K), 3 survivors (6144K)
 Metaspace       used 32431K, committed 32768K, reserved 1114112K
  class space    used 4040K, committed 4224K, reserved 1048576K
}
Event: 843.151 GC heap after
{Heap after GC invocations=15 (full 0):
 garbage-first heap   total 149504K, used 91677K [0x0000000704c00000, 0x0000000800000000)
  region size 2048K, 2 young (4096K), 2 survivors (4096K)
 Metaspace       used 32431K, committed 32768K, reserved 1114112K
  class space    used 4040K, committed 4224K, reserved 1048576K
}
Event: 843.640 GC heap before
{Heap before GC invocations=15 (full 0):
 garbage-first heap   total 182272K, used 108061K [0x0000000704c00000, 0x0000000800000000)
  region size 2048K, 10 young (20480K), 2 survivors (4096K)
 Metaspace       used 32431K, committed 32768K, reserved 1114112K
  class space    used 4040K, committed 4224K, reserved 1048576K
}

Dll operation events (2 events):
Event: 0.008 Loaded shared library C:\Users\zeddi\.jdks\jbr-17.0.9\bin\java.dll
Event: 0.055 Loaded shared library C:\Users\zeddi\.jdks\jbr-17.0.9\bin\jsvml.dll

Deoptimization events (20 events):
Event: 836.319 Thread 0x0000015c67487240 DEOPT PACKING pc=0x0000015c47ce7eca sp=0x0000002506bfe1d0
Event: 836.319 Thread 0x0000015c67487240 DEOPT UNPACKING pc=0x0000015c4e7cace3 sp=0x0000002506bfd660 mode 0
Event: 837.914 Thread 0x0000015c67487240 DEOPT PACKING pc=0x0000015c47d4eac8 sp=0x0000002506bfe060
Event: 837.914 Thread 0x0000015c67487240 DEOPT UNPACKING pc=0x0000015c4e7cace3 sp=0x0000002506bfd7a8 mode 0
Event: 838.053 Thread 0x0000015c67487240 DEOPT PACKING pc=0x0000015c47d4eac8 sp=0x0000002506bfe060
Event: 838.053 Thread 0x0000015c67487240 DEOPT UNPACKING pc=0x0000015c4e7cace3 sp=0x0000002506bfd7a8 mode 0
Event: 838.195 Thread 0x0000015c67487240 DEOPT PACKING pc=0x0000015c47d4eac8 sp=0x0000002506bfe060
Event: 838.195 Thread 0x0000015c67487240 DEOPT UNPACKING pc=0x0000015c4e7cace3 sp=0x0000002506bfd7a8 mode 0
Event: 838.343 Thread 0x0000015c67487240 DEOPT PACKING pc=0x0000015c47d4eac8 sp=0x0000002506bfe060
Event: 838.343 Thread 0x0000015c67487240 DEOPT UNPACKING pc=0x0000015c4e7cace3 sp=0x0000002506bfd7a8 mode 0
Event: 838.444 Thread 0x0000015c67487240 DEOPT PACKING pc=0x0000015c47d4eac8 sp=0x0000002506bfe060
Event: 838.445 Thread 0x0000015c67487240 DEOPT UNPACKING pc=0x0000015c4e7cace3 sp=0x0000002506bfd7a8 mode 0
Event: 838.548 Thread 0x0000015c67487240 DEOPT PACKING pc=0x0000015c47d4eac8 sp=0x0000002506bfe060
Event: 838.548 Thread 0x0000015c67487240 DEOPT UNPACKING pc=0x0000015c4e7cace3 sp=0x0000002506bfd7a8 mode 0
Event: 838.643 Thread 0x0000015c67487240 DEOPT PACKING pc=0x0000015c47d4eac8 sp=0x0000002506bfe060
Event: 838.643 Thread 0x0000015c67487240 DEOPT UNPACKING pc=0x0000015c4e7cace3 sp=0x0000002506bfd7a8 mode 0
Event: 838.725 Thread 0x0000015c67487240 DEOPT PACKING pc=0x0000015c47d4eac8 sp=0x0000002506bfe060
Event: 838.725 Thread 0x0000015c67487240 DEOPT UNPACKING pc=0x0000015c4e7cace3 sp=0x0000002506bfd7a8 mode 0
Event: 838.862 Thread 0x0000015c67487240 DEOPT PACKING pc=0x0000015c47d4eac8 sp=0x0000002506bfe060
Event: 838.862 Thread 0x0000015c67487240 DEOPT UNPACKING pc=0x0000015c4e7cace3 sp=0x0000002506bfd7a8 mode 0

Classes unloaded (0 events):
No events

Classes redefined (0 events):
No events

Internal exceptions (20 events):
Event: 2.156 Thread 0x0000015c673063e0 Exception <a 'java/lang/NoSuchMethodError'{0x000000071467a9c0}: 'int java.lang.invoke.DirectMethodHandle$Holder.invokeStaticInit(java.lang.Object, java.lang.Object)'> (0x000000071467a9c0) 
thrown [s\src\hotspot\share\interpreter\linkResolver.cpp, line 771]
Event: 2.168 Thread 0x0000015c67487240 Exception <a 'java/lang/NoSuchMethodError'{0x000000071463c6b0}: 'long java.lang.invoke.DirectMethodHandle$Holder.invokeStatic(java.lang.Object, java.lang.Object, java.lang.Object)'> (0x000000071463c6b0) 
thrown [s\src\hotspot\share\interpreter\linkResolver.cpp, line 771]
Event: 2.168 Thread 0x0000015c67487240 Exception <a 'java/lang/NoSuchMethodError'{0x000000071463fe58}: 'long java.lang.invoke.DirectMethodHandle$Holder.invokeStaticInit(java.lang.Object, java.lang.Object, java.lang.Object)'> (0x000000071463fe58) 
thrown [s\src\hotspot\share\interpreter\linkResolver.cpp, line 771]
Event: 2.172 Thread 0x0000015c67487240 Exception <a 'java/lang/NoSuchMethodError'{0x00000007147154f0}: 'java.lang.Object java.lang.invoke.DirectMethodHandle$Holder.newInvokeSpecial(java.lang.Object, java.lang.Object, long)'> (0x00000007147154f0) 
thrown [s\src\hotspot\share\interpreter\linkResolver.cpp, line 771]
Event: 2.173 Thread 0x0000015c67487240 Exception <a 'java/lang/NoSuchMethodError'{0x0000000714719060}: 'java.lang.Object java.lang.invoke.Invokers$Holder.linkToTargetMethod(java.lang.Object, long, java.lang.Object)'> (0x0000000714719060) 
thrown [s\src\hotspot\share\interpreter\linkResolver.cpp, line 771]
Event: 2.301 Thread 0x0000015c673063e0 Exception <a 'java/lang/NoSuchMethodError'{0x0000000712233a38}: 'java.lang.Object java.lang.invoke.DirectMethodHandle$Holder.invokeStaticInit(java.lang.Object, int)'> (0x0000000712233a38) 
thrown [s\src\hotspot\share\interpreter\linkResolver.cpp, line 771]
Event: 4.712 Thread 0x0000015c67487240 Exception <a 'java/lang/NoSuchMethodError'{0x00000007069deef8}: 'java.lang.Object java.lang.invoke.DirectMethodHandle$Holder.invokeSpecial(java.lang.Object, java.lang.Object, long, int, int, int, int, java.lang.Object, java.lang.Object)'> (0x00000007069deef8) 
thrown [s\src\hotspot\share\interpreter\linkResolver.cpp, line 771]
Event: 4.712 Thread 0x0000015c67487240 Exception <a 'java/lang/NoSuchMethodError'{0x00000007069e30b0}: 'java.lang.Object java.lang.invoke.DelegatingMethodHandle$Holder.reinvoke_L(java.lang.Object, long, int, int, int, int, java.lang.Object, java.lang.Object)'> (0x00000007069e30b0) 
thrown [s\src\hotspot\share\interpreter\linkResolver.cpp, line 771]
Event: 4.716 Thread 0x0000015c67487240 Exception <a 'java/lang/NoSuchMethodError'{0x000000070663c0a8}: 'java.lang.Object java.lang.invoke.DirectMethodHandle$Holder.invokeSpecial(java.lang.Object, java.lang.Object, long, int, int, java.lang.Object, java.lang.Object, java.lang.Object, java.lang.Object, java.lang.Object)'> (0x000000070663c0a8) 
thrown [s\src\hotspot\share\interpreter\linkResolver.cpp, line 771]
Event: 4.716 Thread 0x0000015c67487240 Exception <a 'java/lang/NoSuchMethodError'{0x0000000706640e58}: 'java.lang.Object java.lang.invoke.DelegatingMethodHandle$Holder.reinvoke_L(java.lang.Object, long, int, int, java.lang.Object, java.lang.Object, java.lang.Object, java.lang.Object, java.lang.Object)'> (0x0000000706640e58) 
thrown [s\src\hotspot\share\interpreter\linkResolver.cpp, line 771]
Event: 4.791 Thread 0x0000015c67487240 Exception <a 'java/lang/NoSuchMethodError'{0x00000007065608f0}: 'void java.lang.invoke.DirectMethodHandle$Holder.invokeSpecialIFC(java.lang.Object, java.lang.Object, java.lang.Object, java.lang.Object)'> (0x00000007065608f0) 
thrown [s\src\hotspot\share\interpreter\linkResolver.cpp, line 771]
Event: 7.393 Thread 0x0000015c67487240 Exception <a 'java/lang/NoSuchMethodError'{0x00000007125383d0}: 'java.lang.Object java.lang.invoke.DirectMethodHandle$Holder.invokeStaticInit(java.lang.Object, int, int, int, int)'> (0x00000007125383d0) 
thrown [s\src\hotspot\share\interpreter\linkResolver.cpp, line 771]
Event: 7.437 Thread 0x0000015c67487240 Exception <a 'java/lang/NoSuchMethodError'{0x00000007125fd8b0}: 'java.lang.Object java.lang.invoke.DirectMethodHandle$Holder.invokeStaticInit(java.lang.Object, java.lang.Object, int, int, int, int)'> (0x00000007125fd8b0) 
thrown [s\src\hotspot\share\interpreter\linkResolver.cpp, line 771]
Event: 7.893 Thread 0x0000015c67487240 Exception <a 'java/io/FileNotFoundException'{0x0000000706a92a48}> (0x0000000706a92a48) 
thrown [s\src\hotspot\share\prims\jni.cpp, line 517]
Event: 7.894 Thread 0x0000015c67487240 Exception <a 'java/io/FileNotFoundException'{0x0000000706aa7a48}> (0x0000000706aa7a48) 
thrown [s\src\hotspot\share\prims\jni.cpp, line 517]
Event: 7.896 Thread 0x0000015c67487240 Exception <a 'java/io/FileNotFoundException'{0x0000000706aae578}> (0x0000000706aae578) 
thrown [s\src\hotspot\share\prims\jni.cpp, line 517]
Event: 7.896 Thread 0x0000015c67487240 Exception <a 'java/io/FileNotFoundException'{0x0000000706ab05f0}> (0x0000000706ab05f0) 
thrown [s\src\hotspot\share\prims\jni.cpp, line 517]
Event: 9.595 Thread 0x0000015c67487240 Exception <a 'java/lang/NoSuchMethodError'{0x00000007069c1fe8}: 'java.lang.Object java.lang.invoke.DirectMethodHandle$Holder.newInvokeSpecial(java.lang.Object, java.lang.Object, int, int, int, int, int, java.lang.Object)'> (0x00000007069c1fe8) 
thrown [s\src\hotspot\share\interpreter\linkResolver.cpp, line 771]
Event: 9.597 Thread 0x0000015c67487240 Exception <a 'java/lang/NoSuchMethodError'{0x00000007069d4fc0}: 'java.lang.Object java.lang.invoke.DirectMethodHandle$Holder.newInvokeSpecial(java.lang.Object, java.lang.Object, java.lang.Object, int, int, int, int, int)'> (0x00000007069d4fc0) 
thrown [s\src\hotspot\share\interpreter\linkResolver.cpp, line 771]
Event: 9.598 Thread 0x0000015c67487240 Exception <a 'java/lang/NoSuchMethodError'{0x00000007069f96e8}: 'java.lang.Object java.lang.invoke.Invokers$Holder.linkToTargetMethod(java.lang.Object, java.lang.Object, int, int, int, int, int, java.lang.Object)'> (0x00000007069f96e8) 
thrown [s\src\hotspot\share\interpreter\linkResolver.cpp, line 771]

VM Operations (20 events):
Event: 838.441 Executing VM operation: Cleanup done
Event: 839.235 Executing VM operation: HandshakeAllThreads
Event: 839.235 Executing VM operation: HandshakeAllThreads done
Event: 839.428 Executing VM operation: HandshakeAllThreads
Event: 839.428 Executing VM operation: HandshakeAllThreads done
Event: 839.536 Executing VM operation: HandshakeAllThreads
Event: 839.537 Executing VM operation: HandshakeAllThreads done
Event: 839.537 Executing VM operation: Cleanup
Event: 839.539 Executing VM operation: Cleanup done
Event: 840.540 Executing VM operation: Cleanup
Event: 840.541 Executing VM operation: Cleanup done
Event: 841.327 Executing VM operation: G1CollectForAllocation
Event: 841.441 Executing VM operation: G1CollectForAllocation done
Event: 842.411 Executing VM operation: G1CollectForAllocation
Event: 842.526 Executing VM operation: G1CollectForAllocation done
Event: 843.085 Executing VM operation: G1CollectForAllocation
Event: 843.151 Executing VM operation: G1CollectForAllocation done
Event: 843.600 Executing VM operation: G1PauseRemark
Event: 843.617 Executing VM operation: G1PauseRemark done
Event: 843.639 Executing VM operation: G1CollectForAllocation

Events (20 events):
Event: 839.564 Thread 0x0000015c62613540 flushing nmethod 0x0000015c47bdf490
Event: 839.564 Thread 0x0000015c62613540 flushing nmethod 0x0000015c47bdff10
Event: 839.564 Thread 0x0000015c62613540 flushing nmethod 0x0000015c47bf6310
Event: 839.565 Thread 0x0000015c62613540 flushing nmethod 0x0000015c47c18990
Event: 839.565 Thread 0x0000015c62613540 flushing nmethod 0x0000015c47c19110
Event: 839.565 Thread 0x0000015c62613540 flushing nmethod 0x0000015c47c1b790
Event: 839.565 Thread 0x0000015c62613540 flushing nmethod 0x0000015c47c50210
Event: 839.565 Thread 0x0000015c62613540 flushing nmethod 0x0000015c47c63190
Event: 839.566 Thread 0x0000015c62613540 flushing nmethod 0x0000015c47ca5b10
Event: 839.566 Thread 0x0000015c62613540 flushing nmethod 0x0000015c47ca6410
Event: 839.566 Thread 0x0000015c62613540 flushing nmethod 0x0000015c47ca7810
Event: 839.566 Thread 0x0000015c62613540 flushing nmethod 0x0000015c47ca9490
Event: 839.567 Thread 0x0000015c62613540 flushing nmethod 0x0000015c47ce5990
Event: 839.567 Thread 0x0000015c62613540 flushing nmethod 0x0000015c47ce7910
Event: 839.567 Thread 0x0000015c62613540 flushing nmethod 0x0000015c47d3fb10
Event: 839.568 Thread 0x0000015c62613540 flushing nmethod 0x0000015c47d73a90
Event: 839.568 Thread 0x0000015c62613540 flushing nmethod 0x0000015c47d75490
Event: 839.568 Thread 0x0000015c62613540 flushing nmethod 0x0000015c47d78590
Event: 839.568 Thread 0x0000015c62613540 flushing nmethod 0x0000015c47d87710
Event: 839.568 Thread 0x0000015c62613540 flushing nmethod 0x0000015c47dc6790


Dynamic libraries:
0x00007ff71b0c0000 - 0x00007ff71b0ca000 	C:\Users\zeddi\.jdks\jbr-17.0.9\bin\java.exe
0x00007ffed17f0000 - 0x00007ffed1a07000 	C:\WINDOWS\SYSTEM32\ntdll.dll
0x00007ffecfb90000 - 0x00007ffecfc54000 	C:\WINDOWS\System32\KERNEL32.DLL
0x00007ffeced10000 - 0x00007ffecf0b6000 	C:\WINDOWS\System32\KERNELBASE.dll
0x00007ffecf3f0000 - 0x00007ffecf501000 	C:\WINDOWS\System32\ucrtbase.dll
0x00007ffe9f230000 - 0x00007ffe9f247000 	C:\Users\zeddi\.jdks\jbr-17.0.9\bin\jli.dll
0x00007ffe87e50000 - 0x00007ffe87e6b000 	C:\Users\zeddi\.jdks\jbr-17.0.9\bin\VCRUNTIME140.dll
0x00007ffed01e0000 - 0x00007ffed038e000 	C:\WINDOWS\System32\USER32.dll
0x00007ffecf250000 - 0x00007ffecf276000 	C:\WINDOWS\System32\win32u.dll
0x00007ffeb0d90000 - 0x00007ffeb1023000 	C:\WINDOWS\WinSxS\amd64_microsoft.windows.common-controls_6595b64144ccf1df_6.0.22621.2506_none_270c5ae97388e100\COMCTL32.dll
0x00007ffecf870000 - 0x00007ffecf899000 	C:\WINDOWS\System32\GDI32.dll
0x00007ffecf130000 - 0x00007ffecf248000 	C:\WINDOWS\System32\gdi32full.dll
0x00007ffecf950000 - 0x00007ffecf9f7000 	C:\WINDOWS\System32\msvcrt.dll
0x00007ffeceb30000 - 0x00007ffecebca000 	C:\WINDOWS\System32\msvcp_win.dll
0x00007ffecfd20000 - 0x00007ffecfd51000 	C:\WINDOWS\System32\IMM32.DLL
0x00007ffe91060000 - 0x00007ffe9106c000 	C:\Users\zeddi\.jdks\jbr-17.0.9\bin\vcruntime140_1.dll
0x00007ffe73d30000 - 0x00007ffe73dbd000 	C:\Users\zeddi\.jdks\jbr-17.0.9\bin\msvcp140.dll
0x00007ffe12900000 - 0x00007ffe13582000 	C:\Users\zeddi\.jdks\jbr-17.0.9\bin\server\jvm.dll
0x00007ffecfc60000 - 0x00007ffecfd13000 	C:\WINDOWS\System32\ADVAPI32.dll
0x00007ffecf8a0000 - 0x00007ffecf948000 	C:\WINDOWS\System32\sechost.dll
0x00007ffecf510000 - 0x00007ffecf538000 	C:\WINDOWS\System32\bcrypt.dll
0x00007ffecf750000 - 0x00007ffecf867000 	C:\WINDOWS\System32\RPCRT4.dll
0x00007ffecdad0000 - 0x00007ffecdb1d000 	C:\WINDOWS\SYSTEM32\POWRPROF.dll
0x00007ffebf9a0000 - 0x00007ffebf9a9000 	C:\WINDOWS\SYSTEM32\WSOCK32.dll
0x00007ffec2f10000 - 0x00007ffec2f44000 	C:\WINDOWS\SYSTEM32\WINMM.dll
0x00007ffed0160000 - 0x00007ffed01d1000 	C:\WINDOWS\System32\WS2_32.dll
0x00007ffec4de0000 - 0x00007ffec4dea000 	C:\WINDOWS\SYSTEM32\VERSION.dll
0x00007ffecdab0000 - 0x00007ffecdac3000 	C:\WINDOWS\SYSTEM32\UMPDC.dll
0x00007ffecdc30000 - 0x00007ffecdc48000 	C:\WINDOWS\SYSTEM32\kernel.appcore.dll
0x00007ffe8ff40000 - 0x00007ffe8ff4a000 	C:\Users\zeddi\.jdks\jbr-17.0.9\bin\jimage.dll
0x00007ffecc1f0000 - 0x00007ffecc423000 	C:\WINDOWS\SYSTEM32\DBGHELP.DLL
0x00007ffecfdd0000 - 0x00007ffed0159000 	C:\WINDOWS\System32\combase.dll
0x00007ffed14e0000 - 0x00007ffed15b7000 	C:\WINDOWS\System32\OLEAUT32.dll
0x00007ffec0120000 - 0x00007ffec0152000 	C:\WINDOWS\SYSTEM32\dbgcore.DLL
0x00007ffecec90000 - 0x00007ffeced0a000 	C:\WINDOWS\System32\bcryptPrimitives.dll
0x00007ffe80480000 - 0x00007ffe804a5000 	C:\Users\zeddi\.jdks\jbr-17.0.9\bin\java.dll
0x00007ffe87700000 - 0x00007ffe87718000 	C:\Users\zeddi\.jdks\jbr-17.0.9\bin\zip.dll
0x00007ffe45c10000 - 0x00007ffe45ce7000 	C:\Users\zeddi\.jdks\jbr-17.0.9\bin\jsvml.dll
0x00007ffed0c80000 - 0x00007ffed14db000 	C:\WINDOWS\System32\SHELL32.dll
0x00007ffecca40000 - 0x00007ffecd336000 	C:\WINDOWS\SYSTEM32\windows.storage.dll
0x00007ffecc900000 - 0x00007ffecca3e000 	C:\WINDOWS\SYSTEM32\wintypes.dll
0x00007ffed0390000 - 0x00007ffed0483000 	C:\WINDOWS\System32\SHCORE.dll
0x00007ffecf5f0000 - 0x00007ffecf64e000 	C:\WINDOWS\System32\shlwapi.dll
0x00007ffecea60000 - 0x00007ffecea86000 	C:\WINDOWS\SYSTEM32\profapi.dll
0x00007ffe838b0000 - 0x00007ffe838c9000 	C:\Users\zeddi\.jdks\jbr-17.0.9\bin\net.dll
0x00007ffec8730000 - 0x00007ffec8867000 	C:\WINDOWS\SYSTEM32\WINHTTP.dll
0x00007ffece0b0000 - 0x00007ffece119000 	C:\WINDOWS\system32\mswsock.dll
0x00007ffe82d70000 - 0x00007ffe82d86000 	C:\Users\zeddi\.jdks\jbr-17.0.9\bin\nio.dll
0x0000015c62bd0000 - 0x0000015c62bd3000 	C:\Users\zeddi\.openjfx\cache\21.0.2+5\amd64\api-ms-win-core-console-l1-1-0.dll
0x0000015c62be0000 - 0x0000015c62be3000 	C:\Users\zeddi\.openjfx\cache\21.0.2+5\amd64\api-ms-win-core-console-l1-2-0.dll
0x0000015c62bf0000 - 0x0000015c62bf3000 	C:\Users\zeddi\.openjfx\cache\21.0.2+5\amd64\api-ms-win-core-datetime-l1-1-0.dll
0x0000015c62c00000 - 0x0000015c62c03000 	C:\Users\zeddi\.openjfx\cache\21.0.2+5\amd64\api-ms-win-core-debug-l1-1-0.dll
0x0000015c62c10000 - 0x0000015c62c13000 	C:\Users\zeddi\.openjfx\cache\21.0.2+5\amd64\api-ms-win-core-errorhandling-l1-1-0.dll
0x0000015c62c20000 - 0x0000015c62c24000 	C:\Users\zeddi\.openjfx\cache\21.0.2+5\amd64\api-ms-win-core-file-l1-1-0.dll
0x0000015c62c30000 - 0x0000015c62c33000 	C:\Users\zeddi\.openjfx\cache\21.0.2+5\amd64\api-ms-win-core-file-l1-2-0.dll
0x0000015c62c40000 - 0x0000015c62c43000 	C:\Users\zeddi\.openjfx\cache\21.0.2+5\amd64\api-ms-win-core-file-l2-1-0.dll
0x0000015c62c50000 - 0x0000015c62c53000 	C:\Users\zeddi\.openjfx\cache\21.0.2+5\amd64\api-ms-win-core-handle-l1-1-0.dll
0x0000015c62c60000 - 0x0000015c62c63000 	C:\Users\zeddi\.openjfx\cache\21.0.2+5\amd64\api-ms-win-core-heap-l1-1-0.dll
0x0000015c62c70000 - 0x0000015c62c73000 	C:\Users\zeddi\.openjfx\cache\21.0.2+5\amd64\api-ms-win-core-interlocked-l1-1-0.dll
0x0000015c62c80000 - 0x0000015c62c83000 	C:\Users\zeddi\.openjfx\cache\21.0.2+5\amd64\api-ms-win-core-libraryloader-l1-1-0.dll
0x0000015c62c90000 - 0x0000015c62c93000 	C:\Users\zeddi\.openjfx\cache\21.0.2+5\amd64\api-ms-win-core-localization-l1-2-0.dll
0x0000015c62ca0000 - 0x0000015c62ca3000 	C:\Users\zeddi\.openjfx\cache\21.0.2+5\amd64\api-ms-win-core-memory-l1-1-0.dll
0x0000015c62cb0000 - 0x0000015c62cb3000 	C:\Users\zeddi\.openjfx\cache\21.0.2+5\amd64\api-ms-win-core-namedpipe-l1-1-0.dll
0x0000015c62cc0000 - 0x0000015c62cc3000 	C:\Users\zeddi\.openjfx\cache\21.0.2+5\amd64\api-ms-win-core-processenvironment-l1-1-0.dll
0x0000015c62cd0000 - 0x0000015c62cd3000 	C:\Users\zeddi\.openjfx\cache\21.0.2+5\amd64\api-ms-win-core-processthreads-l1-1-0.dll
0x0000015c62ce0000 - 0x0000015c62ce3000 	C:\Users\zeddi\.openjfx\cache\21.0.2+5\amd64\api-ms-win-core-processthreads-l1-1-1.dll
0x0000015c62cf0000 - 0x0000015c62cf3000 	C:\Users\zeddi\.openjfx\cache\21.0.2+5\amd64\api-ms-win-core-profile-l1-1-0.dll
0x0000015c62d00000 - 0x0000015c62d03000 	C:\Users\zeddi\.openjfx\cache\21.0.2+5\amd64\api-ms-win-core-rtlsupport-l1-1-0.dll
0x0000015c62d10000 - 0x0000015c62d13000 	C:\Users\zeddi\.openjfx\cache\21.0.2+5\amd64\api-ms-win-core-string-l1-1-0.dll
0x0000015c62d20000 - 0x0000015c62d23000 	C:\Users\zeddi\.openjfx\cache\21.0.2+5\amd64\api-ms-win-core-synch-l1-1-0.dll
0x0000015c62d30000 - 0x0000015c62d33000 	C:\Users\zeddi\.openjfx\cache\21.0.2+5\amd64\api-ms-win-core-synch-l1-2-0.dll
0x0000015c62d40000 - 0x0000015c62d43000 	C:\Users\zeddi\.openjfx\cache\21.0.2+5\amd64\api-ms-win-core-sysinfo-l1-1-0.dll
0x0000015c62d50000 - 0x0000015c62d53000 	C:\Users\zeddi\.openjfx\cache\21.0.2+5\amd64\api-ms-win-core-timezone-l1-1-0.dll
0x0000015c62d60000 - 0x0000015c62d63000 	C:\Users\zeddi\.openjfx\cache\21.0.2+5\amd64\api-ms-win-core-util-l1-1-0.dll
0x0000015c62d70000 - 0x0000015c62d73000 	C:\Users\zeddi\.openjfx\cache\21.0.2+5\amd64\api-ms-win-crt-conio-l1-1-0.dll
0x0000015c62d80000 - 0x0000015c62d84000 	C:\Users\zeddi\.openjfx\cache\21.0.2+5\amd64\api-ms-win-crt-convert-l1-1-0.dll
0x0000015c62d90000 - 0x0000015c62d93000 	C:\Users\zeddi\.openjfx\cache\21.0.2+5\amd64\api-ms-win-crt-environment-l1-1-0.dll
0x0000015c62da0000 - 0x0000015c62da3000 	C:\Users\zeddi\.openjfx\cache\21.0.2+5\amd64\api-ms-win-crt-filesystem-l1-1-0.dll
0x0000015c62db0000 - 0x0000015c62db3000 	C:\Users\zeddi\.openjfx\cache\21.0.2+5\amd64\api-ms-win-crt-heap-l1-1-0.dll
0x0000015c62dc0000 - 0x0000015c62dc3000 	C:\Users\zeddi\.openjfx\cache\21.0.2+5\amd64\api-ms-win-crt-locale-l1-1-0.dll
0x0000015c62dd0000 - 0x0000015c62dd5000 	C:\Users\zeddi\.openjfx\cache\21.0.2+5\amd64\api-ms-win-crt-math-l1-1-0.dll
0x0000015c62de0000 - 0x0000015c62de5000 	C:\Users\zeddi\.openjfx\cache\21.0.2+5\amd64\api-ms-win-crt-multibyte-l1-1-0.dll
0x0000015c62df0000 - 0x0000015c62e00000 	C:\Users\zeddi\.openjfx\cache\21.0.2+5\amd64\api-ms-win-crt-private-l1-1-0.dll
0x0000015c62e00000 - 0x0000015c62e03000 	C:\Users\zeddi\.openjfx\cache\21.0.2+5\amd64\api-ms-win-crt-process-l1-1-0.dll
0x0000015c62e10000 - 0x0000015c62e14000 	C:\Users\zeddi\.openjfx\cache\21.0.2+5\amd64\api-ms-win-crt-runtime-l1-1-0.dll
0x0000015c62e20000 - 0x0000015c62e24000 	C:\Users\zeddi\.openjfx\cache\21.0.2+5\amd64\api-ms-win-crt-stdio-l1-1-0.dll
0x0000015c62e30000 - 0x0000015c62e34000 	C:\Users\zeddi\.openjfx\cache\21.0.2+5\amd64\api-ms-win-crt-string-l1-1-0.dll
0x0000015c62e40000 - 0x0000015c62e43000 	C:\Users\zeddi\.openjfx\cache\21.0.2+5\amd64\api-ms-win-crt-time-l1-1-0.dll
0x0000015c62e50000 - 0x0000015c62e53000 	C:\Users\zeddi\.openjfx\cache\21.0.2+5\amd64\api-ms-win-crt-utility-l1-1-0.dll
0x00007ffe454a0000 - 0x00007ffe4559c000 	C:\Users\zeddi\.openjfx\cache\21.0.2+5\amd64\ucrtbase.dll
0x00007ffe80460000 - 0x00007ffe8047b000 	C:\Users\zeddi\.openjfx\cache\21.0.2+5\amd64\vcruntime140.dll
0x00007ffe8fbb0000 - 0x00007ffe8fbbc000 	C:\Users\zeddi\.openjfx\cache\21.0.2+5\amd64\vcruntime140_1.dll
0x00007ffe55e90000 - 0x00007ffe55f1e000 	C:\Users\zeddi\.openjfx\cache\21.0.2+5\amd64\msvcp140.dll
0x00007ffe8f330000 - 0x00007ffe8f339000 	C:\Users\zeddi\.openjfx\cache\21.0.2+5\amd64\msvcp140_1.dll
0x00007ffe802c0000 - 0x00007ffe80301000 	C:\Users\zeddi\.openjfx\cache\21.0.2+5\amd64\msvcp140_2.dll
0x00007ffe80430000 - 0x00007ffe80460000 	C:\Users\zeddi\.openjfx\cache\21.0.2+5\amd64\prism_d3d.dll
0x00007ffeb6f50000 - 0x00007ffeb70f9000 	C:\WINDOWS\system32\d3d9.dll
0x00007ffecbec0000 - 0x00007ffecbeeb000 	C:\WINDOWS\SYSTEM32\dwmapi.dll
0x00007ffecbd70000 - 0x00007ffecbda9000 	C:\WINDOWS\SYSTEM32\dxcore.dll
0x00007ffecbc70000 - 0x00007ffecbd1b000 	C:\WINDOWS\system32\uxtheme.dll
0x00007ffe87b00000 - 0x00007ffe87caf000 	C:\WINDOWS\System32\DriverStore\FileRepository\iigd_dch.inf_amd64_e32ced29f236e322\igdumdim64.dll
0x00007ffed0a50000 - 0x00007ffed0bf0000 	C:\WINDOWS\System32\ole32.dll
0x00007ffe04210000 - 0x00007ffe08ab3000 	C:\WINDOWS\System32\DriverStore\FileRepository\iigd_dch.inf_amd64_e32ced29f236e322\igd9dxva64.dll
0x00007ffed0520000 - 0x00007ffed0994000 	C:\WINDOWS\System32\SETUPAPI.dll
0x00007ffece840000 - 0x00007ffece88e000 	C:\WINDOWS\SYSTEM32\cfgmgr32.dll
0x00007ffec0b30000 - 0x00007ffec0f39000 	C:\WINDOWS\System32\DriverStore\FileRepository\iigd_dch.inf_amd64_e32ced29f236e322\igdgmm64.dll
0x00007ffec88e0000 - 0x00007ffec892a000 	C:\WINDOWS\SYSTEM32\directxdatabasehelper.dll
0x00007ffe7e4c0000 - 0x00007ffe7e502000 	C:\Users\zeddi\.openjfx\cache\21.0.2+5\amd64\glass.dll
0x00007ffecf650000 - 0x00007ffecf749000 	C:\WINDOWS\System32\COMDLG32.dll
0x00007ffecfa00000 - 0x00007ffecfb51000 	C:\WINDOWS\System32\MSCTF.dll
0x00007ffeb84c0000 - 0x00007ffeb84e7000 	C:\WINDOWS\System32\DriverStore\FileRepository\iigd_dch.inf_amd64_e32ced29f236e322\igdinfo64.dll
0x00007ffeb9bc0000 - 0x00007ffebd354000 	C:\WINDOWS\System32\DriverStore\FileRepository\iigd_dch.inf_amd64_e32ced29f236e322\igc64.dll
0x00007ffecd610000 - 0x00007ffecd709000 	C:\WINDOWS\SYSTEM32\DNSAPI.dll
0x00007ffecd5e0000 - 0x00007ffecd60d000 	C:\WINDOWS\SYSTEM32\IPHLPAPI.DLL
0x00007ffecfdc0000 - 0x00007ffecfdc9000 	C:\WINDOWS\System32\NSI.dll
0x00007ffec4d70000 - 0x00007ffec4d7a000 	C:\Windows\System32\rasadhlp.dll
0x00007ffebd380000 - 0x00007ffebd403000 	C:\WINDOWS\System32\fwpuclnt.dll
0x00007ffe7e4a0000 - 0x00007ffe7e4b4000 	C:\Users\zeddi\.openjfx\cache\21.0.2+5\amd64\javafx_font.dll
0x00007ffeca470000 - 0x00007ffeca6e4000 	C:\WINDOWS\SYSTEM32\dwrite.dll
0x00007ffecf540000 - 0x00007ffecf5f0000 	C:\WINDOWS\System32\clbcatq.dll
0x00007ffeca2c0000 - 0x00007ffeca470000 	C:\WINDOWS\SYSTEM32\WindowsCodecs.dll
0x00007ffeafe90000 - 0x00007ffeafeee000 	C:\WINDOWS\system32\dataexchange.dll
0x00007ffec4050000 - 0x00007ffec42d7000 	C:\WINDOWS\system32\twinapi.appcore.dll
0x00007ffeb4920000 - 0x00007ffeb4952000 	C:\Program Files\Common Files\Microsoft Shared\Ink\rtscom.dll
0x00007ffea3710000 - 0x00007ffea385a000 	C:\WINDOWS\SYSTEM32\textinputframework.dll
0x00007ffecb5b0000 - 0x00007ffecb6e4000 	C:\WINDOWS\SYSTEM32\CoreMessaging.dll
0x00007ffec80b0000 - 0x00007ffec841c000 	C:\WINDOWS\SYSTEM32\CoreUIComponents.dll
0x00007ffece330000 - 0x00007ffece33c000 	C:\WINDOWS\SYSTEM32\CRYPTBASE.DLL

dbghelp: loaded successfully - version: 4.0.5 - missing functions: none
symbol engine: initialized successfully - sym options: 0x614 - pdb path: .;C:\Users\zeddi\.jdks\jbr-17.0.9\bin;C:\WINDOWS\SYSTEM32;C:\WINDOWS\WinSxS\amd64_microsoft.windows.common-controls_6595b64144ccf1df_6.0.22621.2506_none_270c5ae97388e100;C:\Users\zeddi\.jdks\jbr-17.0.9\bin\server;C:\Users\zeddi\.openjfx\cache\21.0.2+5\amd64;C:\WINDOWS\System32\DriverStore\FileRepository\iigd_dch.inf_amd64_e32ced29f236e322;C:\Program Files\Common Files\Microsoft Shared\Ink

VM Arguments:
jvm_args: --module-path=C:\Users\zeddi\.m2\repository\org\openjfx\javafx-base\21.0.2\javafx-base-21.0.2-win.jar;C:\Users\zeddi\.m2\repository\org\openjfx\javafx-base\21.0.2\javafx-base-21.0.2.jar;C:\Users\zeddi\.m2\repository\org\openjfx\javafx-controls\21.0.2\javafx-controls-21.0.2-win.jar;C:\Users\zeddi\.m2\repository\org\openjfx\javafx-controls\21.0.2\javafx-controls-21.0.2.jar;C:\Users\zeddi\.m2\repository\org\openjfx\javafx-fxml\21.0.2\javafx-fxml-21.0.2-win.jar;C:\Users\zeddi\.m2\repository\org\openjfx\javafx-fxml\21.0.2\javafx-fxml-21.0.2.jar;C:\Users\zeddi\.m2\repository\org\openjfx\javafx-graphics\21.0.2\javafx-graphics-21.0.2-win.jar;C:\Users\zeddi\.m2\repository\org\openjfx\javafx-graphics\21.0.2\javafx-graphics-21.0.2.jar --add-modules=javafx.base,javafx.controls,javafx.fxml,javafx.graphics 
java_command: edu.esprit.example.MainFX
java_class_path (initial): C:\Users\zeddi\OneDrive\Bureau\Pidev_3A4_CompilerCrew_Desktop_JavaFx_Tourney-Pulse\target\classes;C:\Users\zeddi\.m2\repository\com\fasterxml\jackson\core\jackson-annotations\2.17.0-rc1\jackson-annotations-2.17.0-rc1.jar;C:\Users\zeddi\.m2\repository\com\fasterxml\jackson\core\jackson-core\2.17.0-rc1\jackson-core-2.17.0-rc1.jar;C:\Users\zeddi\.m2\repository\com\fasterxml\jackson\core\jackson-databind\2.17.0-rc1\jackson-databind-2.17.0-rc1.jar;C:\Users\zeddi\.m2\repository\com\google\protobuf\protobuf-java\3.21.9\protobuf-java-3.21.9.jar;C:\Users\zeddi\.m2\repository\com\mysql\mysql-connector-j\8.0.33\mysql-connector-j-8.0.33.jar;C:\Users\zeddi\.m2\repository\de\jensd\fontawesomefx-commons\9.1.2\fontawesomefx-commons-9.1.2.jar;C:\Users\zeddi\.m2\repository\de\jensd\fontawesomefx-fontawesome\4.7.0-9.1.2\fontawesomefx-fontawesome-4.7.0-9.1.2.jar;C:\Users\zeddi\.m2\repository\net\bytebuddy\byte-buddy\1.14.9\byte-buddy-1.14.9.jar;C:\Users\zeddi\.m2\repository\org\controlsfx\controlsfx\11.1.2\controlsfx-11.1.2.jar
Launcher Type: SUN_STANDARD

[Global flags]
     intx CICompilerCount                          = 4                                         {product} {ergonomic}
     uint ConcGCThreads                            = 2                                         {product} {ergonomic}
     uint G1ConcRefinementThreads                  = 8                                         {product} {ergonomic}
   size_t G1HeapRegionSize                         = 2097152                                   {product} {ergonomic}
    uintx GCDrainStackTargetSize                   = 64                                        {product} {ergonomic}
   size_t InitialHeapSize                          = 264241152                                 {product} {ergonomic}
   size_t MarkStackSize                            = 4194304                                   {product} {ergonomic}
   size_t MaxHeapSize                              = 4215275520                                {product} {ergonomic}
   size_t MaxNewSize                               = 2529165312                                {product} {ergonomic}
   size_t MinHeapDeltaBytes                        = 2097152                                   {product} {ergonomic}
   size_t MinHeapSize                              = 8388608                                   {product} {ergonomic}
    uintx NonNMethodCodeHeapSize                   = 5839372                                {pd product} {ergonomic}
    uintx NonProfiledCodeHeapSize                  = 122909434                              {pd product} {ergonomic}
    uintx ProfiledCodeHeapSize                     = 122909434                              {pd product} {ergonomic}
    uintx ReservedCodeCacheSize                    = 251658240                              {pd product} {ergonomic}
     bool SegmentedCodeCache                       = true                                      {product} {ergonomic}
   size_t SoftMaxHeapSize                          = 4215275520                             {manageable} {ergonomic}
     bool UseCompressedClassPointers               = true                           {product lp64_product} {ergonomic}
     bool UseCompressedOops                        = true                           {product lp64_product} {ergonomic}
     bool UseG1GC                                  = true                                      {product} {ergonomic}
     bool UseLargePagesIndividualAllocation        = false                                  {pd product} {ergonomic}

Logging:
Log output configuration:
 #0: stdout all=warning uptime,level,tags
 #1: stderr all=off uptime,level,tags

Environment Variables:
PATH=C:\oraclexe\app\oracle\product\11.2.0\server\bin;C:\Windows\system32;C:\Windows;C:\Windows\System32\Wbem;C:\Windows\System32\WindowsPowerShell\v1.0\;C:\Windows\System32\OpenSSH\;C:\Program Files (x86)\NVIDIA Corporation\PhysX\Common;C:\Program Files\NVIDIA Corporation\NVIDIA NvDLISR;C:\WINDOWS\system32;C:\WINDOWS;C:\WINDOWS\System32\Wbem;C:\WINDOWS\System32\WindowsPowerShell\v1.0\;C:\WINDOWS\System32\OpenSSH\;C:\oraclexe\app\oracle\product\11.2.0\server\bin;C:\oraclexe\app\oracle\admin\XE;C:\oraclexe;C:\instantclient;C:\Strawberry\c\bin;C:\Strawberry\perl\site\bin;C:\Strawberry\perl\bin;C:\xampp\php;C:\Users\zeddi\.jdks\jbr-17.0.9\bin;C:\Users\zeddi\scoop\shims;C:\Users\zeddi\AppData\Local\Microsoft\WindowsApps;C:\Users\zeddi\AppData\Local\ComposerSetup\bin;C:\Users\zeddi\AppData\Roaming\Composer\vendor\bin;C:\Users\zeddi\AppData\Local\Programs\Microsoft VS Code\bin;C:\Program Files\JetBrains\IntelliJ IDEA 2023.3.4\bin;;C:\Users\zeddi\AppData\Local\GitHubDesktop\bin
USERNAME=zeddi
OS=Windows_NT
PROCESSOR_IDENTIFIER=Intel64 Family 6 Model 140 Stepping 1, GenuineIntel
TMP=C:\Users\zeddi\AppData\Local\Temp
TEMP=C:\Users\zeddi\AppData\Local\Temp



Periodic native trim disabled

JNI global refs:
JNI global refs: 37, weak refs: 1

JNI global refs memory usage: 843, weak refs: 841

OOME stack traces (most recent first):
Classloader memory used:
Loader jdk.internal.loader.ClassLoaders$AppClassLoader                                 : 2101K
Loader bootstrap                                                                       : 1903K
Loader jdk.internal.loader.ClassLoaders$PlatformClassLoader                            : 43873B
Loader jdk.internal.reflect.DelegatingClassLoader                                      : 6151B
Loader com.sun.javafx.reflect.MethodUtil                                               : 364B


---------------  S Y S T E M  ---------------

OS:
 Windows 11 , 64 bit Build 22621 (10.0.22621.3085)
OS uptime: 10 days 6:27 hours
Hyper-V role detected

CPU: total 8 (initial active 8) (4 cores per cpu, 2 threads per core) family 6 model 140 stepping 1 microcode 0x9a, cx8, cmov, fxsr, ht, mmx, 3dnowpref, sse, sse2, sse3, ssse3, sse4.1, sse4.2, popcnt, lzcnt, tsc, tscinvbit, avx, avx2, aes, erms, clmul, bmi1, bmi2, adx, avx512f, avx512dq, avx512cd, avx512bw, avx512vl, sha, fma, vzeroupper, avx512_vpopcntdq, avx512_vpclmulqdq, avx512_vaes, avx512_vnni, clflush, clflushopt, clwb, avx512_vbmi2, avx512_vbmi, hv
Processor Information for processor 0
  Max Mhz: 2419, Current Mhz: 2419, Mhz Limit: 2419
Processor Information for processor 1
  Max Mhz: 2419, Current Mhz: 2419, Mhz Limit: 2419
Processor Information for processor 2
  Max Mhz: 2419, Current Mhz: 2419, Mhz Limit: 2419
Processor Information for processor 3
  Max Mhz: 2419, Current Mhz: 2419, Mhz Limit: 2419
Processor Information for processor 4
  Max Mhz: 2419, Current Mhz: 2419, Mhz Limit: 2419
Processor Information for processor 5
  Max Mhz: 2419, Current Mhz: 2419, Mhz Limit: 2419
Processor Information for processor 6
  Max Mhz: 2419, Current Mhz: 2419, Mhz Limit: 2419
Processor Information for processor 7
  Max Mhz: 2419, Current Mhz: 1007, Mhz Limit: 2419

Memory: 4k page, system-wide physical 16078M (544M free)
TotalPageFile size 65230M (AvailPageFile size 5M)
current process WorkingSet (physical memory assigned to process): 342M, peak: 343M
current process commit charge ("private bytes"): 399M, peak: 433M

vm_info: OpenJDK 64-Bit Server VM (17.0.9+8-b1166.2) for windows-amd64 JRE (17.0.9+8-b1166.2), built on 2024-01-13 by "builduser" with MS VC++ 16.10 / 16.11 (VS2019)

END.
