#
# There is insufficient memory for the Java Runtime Environment to continue.
# Native memory allocation (malloc) failed to allocate 755456 bytes for Chunk::new
# Possible reasons:
#   The system is out of physical RAM or swap space
#   The process is running with CompressedOops enabled, and the Java Heap may be blocking the growth of the native heap
# Possible solutions:
#   Reduce memory load on the system
#   Increase physical memory or swap space
#   Check if swap backing store is full
#   Decrease Java heap size (-Xmx/-Xms)
#   Decrease number of Java threads
#   Decrease Java thread stack sizes (-Xss)
#   Set larger code cache with -XX:ReservedCodeCacheSize=
#   JVM is running with Zero Based Compressed Oops mode in which the Java heap is
#     placed in the first 32GB address space. The Java Heap base address is the
#     maximum limit for the native heap growth. Please use -XX:HeapBaseMinAddress
#     to set the Java Heap base and to place the Java Heap above 32GB virtual address.
# This output file may be truncated or incomplete.
#
#  Out of Memory Error (arena.cpp:191), pid=120372, tid=119956
#
# JRE version: OpenJDK Runtime Environment JBR-17.0.9+8-1166.2-nomod (17.0.9+8) (build 17.0.9+8-b1166.2)
# Java VM: OpenJDK 64-Bit Server VM JBR-17.0.9+8-1166.2-nomod (17.0.9+8-b1166.2, mixed mode, tiered, compressed oops, compressed class ptrs, g1 gc, windows-amd64)
# No core dump will be written. Minidumps are not enabled by default on client versions of Windows
#

---------------  S U M M A R Y ------------

Command Line: --module-path=C:\Users\zeddi\.m2\repository\org\openjfx\javafx-base\21.0.2\javafx-base-21.0.2-win.jar;C:\Users\zeddi\.m2\repository\org\openjfx\javafx-base\21.0.2\javafx-base-21.0.2.jar;C:\Users\zeddi\.m2\repository\org\openjfx\javafx-controls\21.0.2\javafx-controls-21.0.2-win.jar;C:\Users\zeddi\.m2\repository\org\openjfx\javafx-controls\21.0.2\javafx-controls-21.0.2.jar;C:\Users\zeddi\.m2\repository\org\openjfx\javafx-fxml\21.0.2\javafx-fxml-21.0.2-win.jar;C:\Users\zeddi\.m2\repository\org\openjfx\javafx-fxml\21.0.2\javafx-fxml-21.0.2.jar;C:\Users\zeddi\.m2\repository\org\openjfx\javafx-graphics\21.0.2\javafx-graphics-21.0.2-win.jar;C:\Users\zeddi\.m2\repository\org\openjfx\javafx-graphics\21.0.2\javafx-graphics-21.0.2.jar --add-modules=javafx.base,javafx.controls,javafx.fxml,javafx.graphics edu.esprit.example.MainFX

Host: 11th Gen Intel(R) Core(TM) i5-1135G7 @ 2.40GHz, 8 cores, 15G,  Windows 11 , 64 bit Build 22621 (10.0.22621.3085)
Time: Tue Mar  5 23:51:27 2024 Changement de date elapsed time: 1.496078 seconds (0d 0h 0m 1s)

---------------  T H R E A D  ---------------

Current thread (0x00000268732be420):  JavaThread "C2 CompilerThread1" daemon [_thread_in_native, id=119956, stack(0x000000e718d00000,0x000000e718e00000)]


Current CompileTask:
C2:   1496 1438   !   4       com.sun.javafx.css.ParsedValueImpl::readBinary (691 bytes)

Stack: [0x000000e718d00000,0x000000e718e00000]
Native frames: (J=compiled Java code, j=interpreted, Vv=VM code, C=native code)
V  [jvm.dll+0x688349]
V  [jvm.dll+0x841bfa]
V  [jvm.dll+0x84383e]
V  [jvm.dll+0x843ea3]
V  [jvm.dll+0x24bdef]
V  [jvm.dll+0xac44c]
V  [jvm.dll+0xaca9c]
V  [jvm.dll+0x2b33ef]
V  [jvm.dll+0x590407]
V  [jvm.dll+0x226412]
V  [jvm.dll+0x21f4b2]
V  [jvm.dll+0x21cd71]
V  [jvm.dll+0x1a66dd]
V  [jvm.dll+0x22cd28]
V  [jvm.dll+0x22ae60]
V  [jvm.dll+0x7f6087]
V  [jvm.dll+0x7f043a]
V  [jvm.dll+0x6871c5]
C  [ucrtbase.dll+0x29363]
C  [KERNEL32.DLL+0x1257d]
C  [ntdll.dll+0x5aa58]


---------------  P R O C E S S  ---------------

Threads class SMR info:
_java_thread_list=0x0000026877fed370, length=20, elements={
0x000002685004afe0, 0x000002687304d920, 0x000002687304e4e0, 0x00000268730ae350,
0x00000268730aef10, 0x00000268730af9d0, 0x00000268730a7ea0, 0x00000268730a87a0,
0x00000268730a99f0, 0x00000268730b6000, 0x00000268732377d0, 0x00000268732be420,
0x00000268732be940, 0x000002687331cc00, 0x00000268736ccd60, 0x0000026873ad6520,
0x0000026873b0da30, 0x0000026877e52ce0, 0x0000026877ed5700, 0x0000026873b19520
}

Java Threads: ( => current thread )
  0x000002685004afe0 JavaThread "main" [_thread_blocked, id=117256, stack(0x000000e717c00000,0x000000e717d00000)]
  0x000002687304d920 JavaThread "Reference Handler" daemon [_thread_blocked, id=118924, stack(0x000000e718300000,0x000000e718400000)]
  0x000002687304e4e0 JavaThread "Finalizer" daemon [_thread_blocked, id=103228, stack(0x000000e718400000,0x000000e718500000)]
  0x00000268730ae350 JavaThread "Signal Dispatcher" daemon [_thread_blocked, id=114104, stack(0x000000e718500000,0x000000e718600000)]
  0x00000268730aef10 JavaThread "Attach Listener" daemon [_thread_blocked, id=115920, stack(0x000000e718600000,0x000000e718700000)]
  0x00000268730af9d0 JavaThread "Service Thread" daemon [_thread_blocked, id=117676, stack(0x000000e718700000,0x000000e718800000)]
  0x00000268730a7ea0 JavaThread "Monitor Deflation Thread" daemon [_thread_blocked, id=107256, stack(0x000000e718800000,0x000000e718900000)]
  0x00000268730a87a0 JavaThread "C2 CompilerThread0" daemon [_thread_blocked, id=110324, stack(0x000000e718900000,0x000000e718a00000)]
  0x00000268730a99f0 JavaThread "C1 CompilerThread0" daemon [_thread_blocked, id=115508, stack(0x000000e718a00000,0x000000e718b00000)]
  0x00000268730b6000 JavaThread "Sweeper thread" daemon [_thread_blocked, id=117116, stack(0x000000e718b00000,0x000000e718c00000)]
  0x00000268732377d0 JavaThread "Common-Cleaner" daemon [_thread_blocked, id=114056, stack(0x000000e718c00000,0x000000e718d00000)]
=>0x00000268732be420 JavaThread "C2 CompilerThread1" daemon [_thread_in_native, id=119956, stack(0x000000e718d00000,0x000000e718e00000)]
  0x00000268732be940 JavaThread "C2 CompilerThread2" daemon [_thread_blocked, id=78228, stack(0x000000e718e00000,0x000000e718f00000)]
  0x000002687331cc00 JavaThread "Notification Thread" daemon [_thread_blocked, id=110780, stack(0x000000e718f00000,0x000000e719000000)]
  0x00000268736ccd60 JavaThread "QuantumRenderer-0" daemon [_thread_blocked, id=81860, stack(0x000000e719100000,0x000000e719200000)]
  0x0000026873ad6520 JavaThread "InvokeLaterDispatcher" daemon [_thread_blocked, id=110736, stack(0x000000e719200000,0x000000e719300000)]
  0x0000026873b0da30 JavaThread "JavaFX Application Thread" [_thread_in_vm, id=119360, stack(0x000000e719300000,0x000000e719400000)]
  0x0000026877e52ce0 JavaThread "JavaFX-Launcher" [_thread_blocked, id=51940, stack(0x000000e719800000,0x000000e719900000)]
  0x0000026877ed5700 JavaThread "Thread-2" daemon [_thread_in_native, id=113560, stack(0x000000e719700000,0x000000e719800000)]
  0x0000026873b19520 JavaThread "mysql-cj-abandoned-connection-cleanup" daemon [_thread_blocked, id=118884, stack(0x000000e719e00000,0x000000e719f00000)]

Other Threads:
  0x000002686eb0e5a0 VMThread "VM Thread" [stack: 0x000000e718200000,0x000000e718300000] [id=111944]
  0x000002687337cec0 WatcherThread [stack: 0x000000e719000000,0x000000e719100000] [id=120052]
  0x00000268500b9230 GCTaskThread "GC Thread#0" [stack: 0x000000e717d00000,0x000000e717e00000] [id=101096]
  0x0000026877eb6420 GCTaskThread "GC Thread#1" [stack: 0x000000e719900000,0x000000e719a00000] [id=118852]
  0x0000026877ebdb30 GCTaskThread "GC Thread#2" [stack: 0x000000e719a00000,0x000000e719b00000] [id=115372]
  0x0000026877ebddf0 GCTaskThread "GC Thread#3" [stack: 0x000000e719b00000,0x000000e719c00000] [id=114448]
  0x0000026877ebb760 GCTaskThread "GC Thread#4" [stack: 0x000000e719c00000,0x000000e719d00000] [id=60140]
  0x0000026877ebba20 GCTaskThread "GC Thread#5" [stack: 0x000000e719d00000,0x000000e719e00000] [id=68920]
  0x00000268500c9cc0 ConcurrentGCThread "G1 Main Marker" [stack: 0x000000e717e00000,0x000000e717f00000] [id=107320]
  0x00000268500ca6e0 ConcurrentGCThread "G1 Conc#0" [stack: 0x000000e717f00000,0x000000e718000000] [id=117080]
  0x00000268500fe8b0 ConcurrentGCThread "G1 Refine#0" [stack: 0x000000e718000000,0x000000e718100000] [id=34172]
  0x000002686e9b14b0 ConcurrentGCThread "G1 Service" [stack: 0x000000e718100000,0x000000e718200000] [id=95128]

Threads with active compile tasks:
C2 CompilerThread1     1530 1438   !   4       com.sun.javafx.css.ParsedValueImpl::readBinary (691 bytes)

VM state: not at safepoint (normal execution)

VM Mutex/Monitor currently owned by a thread: None

Heap address: 0x0000000704c00000, size: 4020 MB, Compressed Oops mode: Zero based, Oop shift amount: 3

CDS archive(s) not mapped
Compressed class space mapped at: 0x0000000800000000-0x0000000840000000, reserved size: 1073741824
Narrow klass base: 0x0000000800000000, Narrow klass shift: 0, Narrow klass range: 0x40000000

GC Precious Log:
 CPUs: 8 total, 8 available
 Memory: 16078M
 Large Page Support: Disabled
 NUMA Support: Disabled
 Compressed Oops: Enabled (Zero based)
 Heap Region Size: 2M
 Heap Min Capacity: 8M
 Heap Initial Capacity: 252M
 Heap Max Capacity: 4020M
 Pre-touch: Disabled
 Parallel Workers: 8
 Concurrent Workers: 2
 Concurrent Refinement Workers: 8
 Periodic GC: Disabled

Heap:
 garbage-first heap   total 258048K, used 27466K [0x0000000704c00000, 0x0000000800000000)
  region size 2048K, 15 young (30720K), 2 survivors (4096K)
 Metaspace       used 20778K, committed 21056K, reserved 1114112K
  class space    used 2340K, committed 2496K, reserved 1048576K

Heap Regions: E=young(eden), S=young(survivor), O=old, HS=humongous(starts), HC=humongous(continues), CS=collection set, F=free, OA=open archive, CA=closed archive, TAMS=top-at-mark-start (previous, next)
|   0|0x0000000704c00000, 0x0000000704c00000, 0x0000000704e00000|  0%| F|  |TAMS 0x0000000704c00000, 0x0000000704c00000| Untracked 
|   1|0x0000000704e00000, 0x0000000704e00000, 0x0000000705000000|  0%| F|  |TAMS 0x0000000704e00000, 0x0000000704e00000| Untracked 
|   2|0x0000000705000000, 0x0000000705000000, 0x0000000705200000|  0%| F|  |TAMS 0x0000000705000000, 0x0000000705000000| Untracked 
|   3|0x0000000705200000, 0x0000000705200000, 0x0000000705400000|  0%| F|  |TAMS 0x0000000705200000, 0x0000000705200000| Untracked 
|   4|0x0000000705400000, 0x0000000705400000, 0x0000000705600000|  0%| F|  |TAMS 0x0000000705400000, 0x0000000705400000| Untracked 
|   5|0x0000000705600000, 0x0000000705600000, 0x0000000705800000|  0%| F|  |TAMS 0x0000000705600000, 0x0000000705600000| Untracked 
|   6|0x0000000705800000, 0x0000000705800000, 0x0000000705a00000|  0%| F|  |TAMS 0x0000000705800000, 0x0000000705800000| Untracked 
|   7|0x0000000705a00000, 0x0000000705a00000, 0x0000000705c00000|  0%| F|  |TAMS 0x0000000705a00000, 0x0000000705a00000| Untracked 
|   8|0x0000000705c00000, 0x0000000705c00000, 0x0000000705e00000|  0%| F|  |TAMS 0x0000000705c00000, 0x0000000705c00000| Untracked 
|   9|0x0000000705e00000, 0x0000000705e00000, 0x0000000706000000|  0%| F|  |TAMS 0x0000000705e00000, 0x0000000705e00000| Untracked 
|  10|0x0000000706000000, 0x0000000706000000, 0x0000000706200000|  0%| F|  |TAMS 0x0000000706000000, 0x0000000706000000| Untracked 
|  11|0x0000000706200000, 0x0000000706200000, 0x0000000706400000|  0%| F|  |TAMS 0x0000000706200000, 0x0000000706200000| Untracked 
|  12|0x0000000706400000, 0x0000000706400000, 0x0000000706600000|  0%| F|  |TAMS 0x0000000706400000, 0x0000000706400000| Untracked 
|  13|0x0000000706600000, 0x0000000706600000, 0x0000000706800000|  0%| F|  |TAMS 0x0000000706600000, 0x0000000706600000| Untracked 
|  14|0x0000000706800000, 0x0000000706800000, 0x0000000706a00000|  0%| F|  |TAMS 0x0000000706800000, 0x0000000706800000| Untracked 
|  15|0x0000000706a00000, 0x0000000706a00000, 0x0000000706c00000|  0%| F|  |TAMS 0x0000000706a00000, 0x0000000706a00000| Untracked 
|  16|0x0000000706c00000, 0x0000000706c00000, 0x0000000706e00000|  0%| F|  |TAMS 0x0000000706c00000, 0x0000000706c00000| Untracked 
|  17|0x0000000706e00000, 0x0000000706e00000, 0x0000000707000000|  0%| F|  |TAMS 0x0000000706e00000, 0x0000000706e00000| Untracked 
|  18|0x0000000707000000, 0x0000000707000000, 0x0000000707200000|  0%| F|  |TAMS 0x0000000707000000, 0x0000000707000000| Untracked 
|  19|0x0000000707200000, 0x0000000707200000, 0x0000000707400000|  0%| F|  |TAMS 0x0000000707200000, 0x0000000707200000| Untracked 
|  20|0x0000000707400000, 0x0000000707400000, 0x0000000707600000|  0%| F|  |TAMS 0x0000000707400000, 0x0000000707400000| Untracked 
|  21|0x0000000707600000, 0x0000000707600000, 0x0000000707800000|  0%| F|  |TAMS 0x0000000707600000, 0x0000000707600000| Untracked 
|  22|0x0000000707800000, 0x0000000707800000, 0x0000000707a00000|  0%| F|  |TAMS 0x0000000707800000, 0x0000000707800000| Untracked 
|  23|0x0000000707a00000, 0x0000000707a00000, 0x0000000707c00000|  0%| F|  |TAMS 0x0000000707a00000, 0x0000000707a00000| Untracked 
|  24|0x0000000707c00000, 0x0000000707c00000, 0x0000000707e00000|  0%| F|  |TAMS 0x0000000707c00000, 0x0000000707c00000| Untracked 
|  25|0x0000000707e00000, 0x0000000707e00000, 0x0000000708000000|  0%| F|  |TAMS 0x0000000707e00000, 0x0000000707e00000| Untracked 
|  26|0x0000000708000000, 0x0000000708000000, 0x0000000708200000|  0%| F|  |TAMS 0x0000000708000000, 0x0000000708000000| Untracked 
|  27|0x0000000708200000, 0x0000000708200000, 0x0000000708400000|  0%| F|  |TAMS 0x0000000708200000, 0x0000000708200000| Untracked 
|  28|0x0000000708400000, 0x0000000708400000, 0x0000000708600000|  0%| F|  |TAMS 0x0000000708400000, 0x0000000708400000| Untracked 
|  29|0x0000000708600000, 0x0000000708600000, 0x0000000708800000|  0%| F|  |TAMS 0x0000000708600000, 0x0000000708600000| Untracked 
|  30|0x0000000708800000, 0x0000000708800000, 0x0000000708a00000|  0%| F|  |TAMS 0x0000000708800000, 0x0000000708800000| Untracked 
|  31|0x0000000708a00000, 0x0000000708a00000, 0x0000000708c00000|  0%| F|  |TAMS 0x0000000708a00000, 0x0000000708a00000| Untracked 
|  32|0x0000000708c00000, 0x0000000708c00000, 0x0000000708e00000|  0%| F|  |TAMS 0x0000000708c00000, 0x0000000708c00000| Untracked 
|  33|0x0000000708e00000, 0x0000000708e00000, 0x0000000709000000|  0%| F|  |TAMS 0x0000000708e00000, 0x0000000708e00000| Untracked 
|  34|0x0000000709000000, 0x0000000709000000, 0x0000000709200000|  0%| F|  |TAMS 0x0000000709000000, 0x0000000709000000| Untracked 
|  35|0x0000000709200000, 0x0000000709200000, 0x0000000709400000|  0%| F|  |TAMS 0x0000000709200000, 0x0000000709200000| Untracked 
|  36|0x0000000709400000, 0x0000000709400000, 0x0000000709600000|  0%| F|  |TAMS 0x0000000709400000, 0x0000000709400000| Untracked 
|  37|0x0000000709600000, 0x0000000709600000, 0x0000000709800000|  0%| F|  |TAMS 0x0000000709600000, 0x0000000709600000| Untracked 
|  38|0x0000000709800000, 0x0000000709800000, 0x0000000709a00000|  0%| F|  |TAMS 0x0000000709800000, 0x0000000709800000| Untracked 
|  39|0x0000000709a00000, 0x0000000709a00000, 0x0000000709c00000|  0%| F|  |TAMS 0x0000000709a00000, 0x0000000709a00000| Untracked 
|  40|0x0000000709c00000, 0x0000000709c00000, 0x0000000709e00000|  0%| F|  |TAMS 0x0000000709c00000, 0x0000000709c00000| Untracked 
|  41|0x0000000709e00000, 0x0000000709e00000, 0x000000070a000000|  0%| F|  |TAMS 0x0000000709e00000, 0x0000000709e00000| Untracked 
|  42|0x000000070a000000, 0x000000070a000000, 0x000000070a200000|  0%| F|  |TAMS 0x000000070a000000, 0x000000070a000000| Untracked 
|  43|0x000000070a200000, 0x000000070a200000, 0x000000070a400000|  0%| F|  |TAMS 0x000000070a200000, 0x000000070a200000| Untracked 
|  44|0x000000070a400000, 0x000000070a400000, 0x000000070a600000|  0%| F|  |TAMS 0x000000070a400000, 0x000000070a400000| Untracked 
|  45|0x000000070a600000, 0x000000070a600000, 0x000000070a800000|  0%| F|  |TAMS 0x000000070a600000, 0x000000070a600000| Untracked 
|  46|0x000000070a800000, 0x000000070a800000, 0x000000070aa00000|  0%| F|  |TAMS 0x000000070a800000, 0x000000070a800000| Untracked 
|  47|0x000000070aa00000, 0x000000070aa00000, 0x000000070ac00000|  0%| F|  |TAMS 0x000000070aa00000, 0x000000070aa00000| Untracked 
|  48|0x000000070ac00000, 0x000000070ac00000, 0x000000070ae00000|  0%| F|  |TAMS 0x000000070ac00000, 0x000000070ac00000| Untracked 
|  49|0x000000070ae00000, 0x000000070ae00000, 0x000000070b000000|  0%| F|  |TAMS 0x000000070ae00000, 0x000000070ae00000| Untracked 
|  50|0x000000070b000000, 0x000000070b000000, 0x000000070b200000|  0%| F|  |TAMS 0x000000070b000000, 0x000000070b000000| Untracked 
|  51|0x000000070b200000, 0x000000070b200000, 0x000000070b400000|  0%| F|  |TAMS 0x000000070b200000, 0x000000070b200000| Untracked 
|  52|0x000000070b400000, 0x000000070b400000, 0x000000070b600000|  0%| F|  |TAMS 0x000000070b400000, 0x000000070b400000| Untracked 
|  53|0x000000070b600000, 0x000000070b600000, 0x000000070b800000|  0%| F|  |TAMS 0x000000070b600000, 0x000000070b600000| Untracked 
|  54|0x000000070b800000, 0x000000070b800000, 0x000000070ba00000|  0%| F|  |TAMS 0x000000070b800000, 0x000000070b800000| Untracked 
|  55|0x000000070ba00000, 0x000000070ba00000, 0x000000070bc00000|  0%| F|  |TAMS 0x000000070ba00000, 0x000000070ba00000| Untracked 
|  56|0x000000070bc00000, 0x000000070bc00000, 0x000000070be00000|  0%| F|  |TAMS 0x000000070bc00000, 0x000000070bc00000| Untracked 
|  57|0x000000070be00000, 0x000000070be00000, 0x000000070c000000|  0%| F|  |TAMS 0x000000070be00000, 0x000000070be00000| Untracked 
|  58|0x000000070c000000, 0x000000070c000000, 0x000000070c200000|  0%| F|  |TAMS 0x000000070c000000, 0x000000070c000000| Untracked 
|  59|0x000000070c200000, 0x000000070c200000, 0x000000070c400000|  0%| F|  |TAMS 0x000000070c200000, 0x000000070c200000| Untracked 
|  60|0x000000070c400000, 0x000000070c400000, 0x000000070c600000|  0%| F|  |TAMS 0x000000070c400000, 0x000000070c400000| Untracked 
|  61|0x000000070c600000, 0x000000070c600000, 0x000000070c800000|  0%| F|  |TAMS 0x000000070c600000, 0x000000070c600000| Untracked 
|  62|0x000000070c800000, 0x000000070c800000, 0x000000070ca00000|  0%| F|  |TAMS 0x000000070c800000, 0x000000070c800000| Untracked 
|  63|0x000000070ca00000, 0x000000070ca00000, 0x000000070cc00000|  0%| F|  |TAMS 0x000000070ca00000, 0x000000070ca00000| Untracked 
|  64|0x000000070cc00000, 0x000000070cc00000, 0x000000070ce00000|  0%| F|  |TAMS 0x000000070cc00000, 0x000000070cc00000| Untracked 
|  65|0x000000070ce00000, 0x000000070ce00000, 0x000000070d000000|  0%| F|  |TAMS 0x000000070ce00000, 0x000000070ce00000| Untracked 
|  66|0x000000070d000000, 0x000000070d000000, 0x000000070d200000|  0%| F|  |TAMS 0x000000070d000000, 0x000000070d000000| Untracked 
|  67|0x000000070d200000, 0x000000070d200000, 0x000000070d400000|  0%| F|  |TAMS 0x000000070d200000, 0x000000070d200000| Untracked 
|  68|0x000000070d400000, 0x000000070d400000, 0x000000070d600000|  0%| F|  |TAMS 0x000000070d400000, 0x000000070d400000| Untracked 
|  69|0x000000070d600000, 0x000000070d600000, 0x000000070d800000|  0%| F|  |TAMS 0x000000070d600000, 0x000000070d600000| Untracked 
|  70|0x000000070d800000, 0x000000070d800000, 0x000000070da00000|  0%| F|  |TAMS 0x000000070d800000, 0x000000070d800000| Untracked 
|  71|0x000000070da00000, 0x000000070da00000, 0x000000070dc00000|  0%| F|  |TAMS 0x000000070da00000, 0x000000070da00000| Untracked 
|  72|0x000000070dc00000, 0x000000070dc00000, 0x000000070de00000|  0%| F|  |TAMS 0x000000070dc00000, 0x000000070dc00000| Untracked 
|  73|0x000000070de00000, 0x000000070de00000, 0x000000070e000000|  0%| F|  |TAMS 0x000000070de00000, 0x000000070de00000| Untracked 
|  74|0x000000070e000000, 0x000000070e000000, 0x000000070e200000|  0%| F|  |TAMS 0x000000070e000000, 0x000000070e000000| Untracked 
|  75|0x000000070e200000, 0x000000070e200000, 0x000000070e400000|  0%| F|  |TAMS 0x000000070e200000, 0x000000070e200000| Untracked 
|  76|0x000000070e400000, 0x000000070e400000, 0x000000070e600000|  0%| F|  |TAMS 0x000000070e400000, 0x000000070e400000| Untracked 
|  77|0x000000070e600000, 0x000000070e600000, 0x000000070e800000|  0%| F|  |TAMS 0x000000070e600000, 0x000000070e600000| Untracked 
|  78|0x000000070e800000, 0x000000070e800000, 0x000000070ea00000|  0%| F|  |TAMS 0x000000070e800000, 0x000000070e800000| Untracked 
|  79|0x000000070ea00000, 0x000000070ea00000, 0x000000070ec00000|  0%| F|  |TAMS 0x000000070ea00000, 0x000000070ea00000| Untracked 
|  80|0x000000070ec00000, 0x000000070ec00000, 0x000000070ee00000|  0%| F|  |TAMS 0x000000070ec00000, 0x000000070ec00000| Untracked 
|  81|0x000000070ee00000, 0x000000070ee00000, 0x000000070f000000|  0%| F|  |TAMS 0x000000070ee00000, 0x000000070ee00000| Untracked 
|  82|0x000000070f000000, 0x000000070f000000, 0x000000070f200000|  0%| F|  |TAMS 0x000000070f000000, 0x000000070f000000| Untracked 
|  83|0x000000070f200000, 0x000000070f200000, 0x000000070f400000|  0%| F|  |TAMS 0x000000070f200000, 0x000000070f200000| Untracked 
|  84|0x000000070f400000, 0x000000070f400000, 0x000000070f600000|  0%| F|  |TAMS 0x000000070f400000, 0x000000070f400000| Untracked 
|  85|0x000000070f600000, 0x000000070f600000, 0x000000070f800000|  0%| F|  |TAMS 0x000000070f600000, 0x000000070f600000| Untracked 
|  86|0x000000070f800000, 0x000000070f800000, 0x000000070fa00000|  0%| F|  |TAMS 0x000000070f800000, 0x000000070f800000| Untracked 
|  87|0x000000070fa00000, 0x000000070fa00000, 0x000000070fc00000|  0%| F|  |TAMS 0x000000070fa00000, 0x000000070fa00000| Untracked 
|  88|0x000000070fc00000, 0x000000070fc00000, 0x000000070fe00000|  0%| F|  |TAMS 0x000000070fc00000, 0x000000070fc00000| Untracked 
|  89|0x000000070fe00000, 0x000000070fe00000, 0x0000000710000000|  0%| F|  |TAMS 0x000000070fe00000, 0x000000070fe00000| Untracked 
|  90|0x0000000710000000, 0x0000000710000000, 0x0000000710200000|  0%| F|  |TAMS 0x0000000710000000, 0x0000000710000000| Untracked 
|  91|0x0000000710200000, 0x0000000710200000, 0x0000000710400000|  0%| F|  |TAMS 0x0000000710200000, 0x0000000710200000| Untracked 
|  92|0x0000000710400000, 0x0000000710400000, 0x0000000710600000|  0%| F|  |TAMS 0x0000000710400000, 0x0000000710400000| Untracked 
|  93|0x0000000710600000, 0x0000000710600000, 0x0000000710800000|  0%| F|  |TAMS 0x0000000710600000, 0x0000000710600000| Untracked 
|  94|0x0000000710800000, 0x0000000710800000, 0x0000000710a00000|  0%| F|  |TAMS 0x0000000710800000, 0x0000000710800000| Untracked 
|  95|0x0000000710a00000, 0x0000000710a00000, 0x0000000710c00000|  0%| F|  |TAMS 0x0000000710a00000, 0x0000000710a00000| Untracked 
|  96|0x0000000710c00000, 0x0000000710c00000, 0x0000000710e00000|  0%| F|  |TAMS 0x0000000710c00000, 0x0000000710c00000| Untracked 
|  97|0x0000000710e00000, 0x0000000710e00000, 0x0000000711000000|  0%| F|  |TAMS 0x0000000710e00000, 0x0000000710e00000| Untracked 
|  98|0x0000000711000000, 0x0000000711000000, 0x0000000711200000|  0%| F|  |TAMS 0x0000000711000000, 0x0000000711000000| Untracked 
|  99|0x0000000711200000, 0x0000000711200000, 0x0000000711400000|  0%| F|  |TAMS 0x0000000711200000, 0x0000000711200000| Untracked 
| 100|0x0000000711400000, 0x0000000711400000, 0x0000000711600000|  0%| F|  |TAMS 0x0000000711400000, 0x0000000711400000| Untracked 
| 101|0x0000000711600000, 0x0000000711600000, 0x0000000711800000|  0%| F|  |TAMS 0x0000000711600000, 0x0000000711600000| Untracked 
| 102|0x0000000711800000, 0x0000000711800000, 0x0000000711a00000|  0%| F|  |TAMS 0x0000000711800000, 0x0000000711800000| Untracked 
| 103|0x0000000711a00000, 0x0000000711a00000, 0x0000000711c00000|  0%| F|  |TAMS 0x0000000711a00000, 0x0000000711a00000| Untracked 
| 104|0x0000000711c00000, 0x0000000711c00000, 0x0000000711e00000|  0%| F|  |TAMS 0x0000000711c00000, 0x0000000711c00000| Untracked 
| 105|0x0000000711e00000, 0x0000000711e00000, 0x0000000712000000|  0%| F|  |TAMS 0x0000000711e00000, 0x0000000711e00000| Untracked 
| 106|0x0000000712000000, 0x0000000712000000, 0x0000000712200000|  0%| F|  |TAMS 0x0000000712000000, 0x0000000712000000| Untracked 
| 107|0x0000000712200000, 0x0000000712200000, 0x0000000712400000|  0%| F|  |TAMS 0x0000000712200000, 0x0000000712200000| Untracked 
| 108|0x0000000712400000, 0x0000000712400000, 0x0000000712600000|  0%| F|  |TAMS 0x0000000712400000, 0x0000000712400000| Untracked 
| 109|0x0000000712600000, 0x0000000712600000, 0x0000000712800000|  0%| F|  |TAMS 0x0000000712600000, 0x0000000712600000| Untracked 
| 110|0x0000000712800000, 0x0000000712800000, 0x0000000712a00000|  0%| F|  |TAMS 0x0000000712800000, 0x0000000712800000| Untracked 
| 111|0x0000000712a00000, 0x0000000712b3d780, 0x0000000712c00000| 62%| E|  |TAMS 0x0000000712a00000, 0x0000000712a00000| Complete 
| 112|0x0000000712c00000, 0x0000000712e00000, 0x0000000712e00000|100%| E|CS|TAMS 0x0000000712c00000, 0x0000000712c00000| Complete 
| 113|0x0000000712e00000, 0x0000000712ed2988, 0x0000000713000000| 41%| S|CS|TAMS 0x0000000712e00000, 0x0000000712e00000| Complete 
| 114|0x0000000713000000, 0x0000000713200000, 0x0000000713200000|100%| S|CS|TAMS 0x0000000713000000, 0x0000000713000000| Complete 
| 115|0x0000000713200000, 0x0000000713400000, 0x0000000713400000|100%| E|CS|TAMS 0x0000000713200000, 0x0000000713200000| Complete 
| 116|0x0000000713400000, 0x0000000713600000, 0x0000000713600000|100%| E|CS|TAMS 0x0000000713400000, 0x0000000713400000| Complete 
| 117|0x0000000713600000, 0x0000000713800000, 0x0000000713800000|100%| E|CS|TAMS 0x0000000713600000, 0x0000000713600000| Complete 
| 118|0x0000000713800000, 0x0000000713a00000, 0x0000000713a00000|100%| E|CS|TAMS 0x0000000713800000, 0x0000000713800000| Complete 
| 119|0x0000000713a00000, 0x0000000713c00000, 0x0000000713c00000|100%| E|CS|TAMS 0x0000000713a00000, 0x0000000713a00000| Complete 
| 120|0x0000000713c00000, 0x0000000713e00000, 0x0000000713e00000|100%| E|CS|TAMS 0x0000000713c00000, 0x0000000713c00000| Complete 
| 121|0x0000000713e00000, 0x0000000714000000, 0x0000000714000000|100%| E|CS|TAMS 0x0000000713e00000, 0x0000000713e00000| Complete 
| 122|0x0000000714000000, 0x0000000714200000, 0x0000000714200000|100%| E|CS|TAMS 0x0000000714000000, 0x0000000714000000| Complete 
| 123|0x0000000714200000, 0x0000000714400000, 0x0000000714400000|100%| E|CS|TAMS 0x0000000714200000, 0x0000000714200000| Complete 
| 124|0x0000000714400000, 0x0000000714600000, 0x0000000714600000|100%| E|CS|TAMS 0x0000000714400000, 0x0000000714400000| Complete 
| 125|0x0000000714600000, 0x0000000714800000, 0x0000000714800000|100%| E|CS|TAMS 0x0000000714600000, 0x0000000714600000| Complete 

Card table byte_map: [0x0000026863330000,0x0000026863b10000] _byte_map_base: 0x000002685fb0a000

Marking Bits (Prev, Next): (CMBitMap*) 0x00000268500b9850, (CMBitMap*) 0x00000268500b9890
 Prev Bits: [0x00000268642f0000, 0x00000268681c0000)
 Next Bits: [0x00000268681c0000, 0x000002686c090000)

Polling page: 0x000002684df70000

Metaspace:

Usage:
  Non-class:     18.04 MB used.
      Class:      2.29 MB used.
       Both:     20.33 MB used.

Virtual space:
  Non-class space:       64.00 MB reserved,      18.12 MB ( 28%) committed,  1 nodes.
      Class space:        1.00 GB reserved,       2.44 MB ( <1%) committed,  1 nodes.
             Both:        1.06 GB reserved,      20.56 MB (  2%) committed. 

Chunk freelists:
   Non-Class:  13.83 MB
       Class:  13.49 MB
        Both:  27.31 MB

MaxMetaspaceSize: unlimited
CompressedClassSpaceSize: 1.00 GB
Initial GC threshold: 21.00 MB
Current GC threshold: 21.00 MB
CDS: off
MetaspaceReclaimPolicy: balanced
 - commit_granule_bytes: 65536.
 - commit_granule_words: 8192.
 - virtual_space_node_default_size: 8388608.
 - enlarge_chunks_in_place: 1.
 - new_chunks_are_fully_committed: 0.
 - uncommit_free_chunks: 1.
 - use_allocation_guard: 0.
 - handle_deallocations: 1.


Internal statistics:

num_allocs_failed_limit: 0.
num_arena_births: 140.
num_arena_deaths: 0.
num_vsnodes_births: 2.
num_vsnodes_deaths: 0.
num_space_committed: 329.
num_space_uncommitted: 0.
num_chunks_returned_to_freelist: 0.
num_chunks_taken_from_freelist: 536.
num_chunk_merges: 0.
num_chunk_splits: 369.
num_chunks_enlarged: 276.
num_inconsistent_stats: 0.

CodeHeap 'non-profiled nmethods': size=120000Kb used=569Kb max_used=569Kb free=119430Kb
 bounds [0x000002685b2e0000, 0x000002685b550000, 0x0000026862810000]
CodeHeap 'profiled nmethods': size=120000Kb used=2712Kb max_used=2712Kb free=117288Kb
 bounds [0x0000026853810000, 0x0000026853ac0000, 0x000002685ad40000]
CodeHeap 'non-nmethods': size=5760Kb used=1308Kb max_used=1318Kb free=4451Kb
 bounds [0x000002685ad40000, 0x000002685afb0000, 0x000002685b2e0000]
 total_blobs=2141 nmethods=1512 adapters=542
 compilation: enabled
              stopped_count=0, restarted_count=0
 full_count=0

Compilation events (20 events):
Event: 1.487 Thread 0x00000268730a99f0 1469       3       jdk.internal.org.objectweb.asm.SymbolTable::addTypeInternal (85 bytes)
Event: 1.487 Thread 0x00000268730a99f0 nmethod 1469 0x0000026853aa3b10 code [0x0000026853aa3ce0, 0x0000026853aa4358]
Event: 1.488 Thread 0x00000268732be940 1470       4       java.util.ArrayList::<init> (12 bytes)
Event: 1.488 Thread 0x00000268730a99f0 1471       3       java.util.Objects::hashCode (13 bytes)
Event: 1.488 Thread 0x00000268730a99f0 nmethod 1471 0x0000026853aa4510 code [0x0000026853aa46c0, 0x0000026853aa48e8]
Event: 1.489 Thread 0x00000268730a99f0 1472       3       jdk.internal.org.objectweb.asm.Frame::merge (317 bytes)
Event: 1.489 Thread 0x00000268732be940 nmethod 1470 0x000002685b36c510 code [0x000002685b36c680, 0x000002685b36c7b8]
Event: 1.490 Thread 0x00000268730a99f0 nmethod 1472 0x0000026853aa4990 code [0x0000026853aa4bc0, 0x0000026853aa5548]
Event: 1.490 Thread 0x00000268730a99f0 1473       3       java.lang.PublicMethods$Key::matches (31 bytes)
Event: 1.490 Thread 0x00000268730a99f0 nmethod 1473 0x0000026853aa5790 code [0x0000026853aa5960, 0x0000026853aa5cb8]
Event: 1.490 Thread 0x00000268730a99f0 1474       3       sun.reflect.generics.parser.SignatureParser::current (59 bytes)
Event: 1.490 Thread 0x00000268730a99f0 nmethod 1474 0x0000026853aa5e90 code [0x0000026853aa60a0, 0x0000026853aa6798]
Event: 1.490 Thread 0x00000268730a99f0 1475       3       sun.reflect.generics.parser.SignatureParser::advance (53 bytes)
Event: 1.491 Thread 0x00000268730a99f0 nmethod 1475 0x0000026853aa6a10 code [0x0000026853aa6bc0, 0x0000026853aa6e18]
Event: 1.491 Thread 0x00000268730a99f0 1476       3       java.lang.Class::reflectionData (43 bytes)
Event: 1.491 Thread 0x00000268730a99f0 nmethod 1476 0x0000026853aa6f10 code [0x0000026853aa70e0, 0x0000026853aa74f8]
Event: 1.491 Thread 0x00000268730a99f0 1478       3       jdk.internal.org.objectweb.asm.Label::getCanonicalInstance (19 bytes)
Event: 1.491 Thread 0x00000268730a99f0 nmethod 1478 0x0000026853aa7610 code [0x0000026853aa77a0, 0x0000026853aa7918]
Event: 1.491 Thread 0x00000268730a99f0 1477       1       java.lang.Module::getName (5 bytes)
Event: 1.491 Thread 0x00000268730a99f0 nmethod 1477 0x000002685b36c810 code [0x000002685b36c9a0, 0x000002685b36ca78]

GC Heap History (2 events):
Event: 0.873 GC heap before
{Heap before GC invocations=0 (full 0):
 garbage-first heap   total 258048K, used 20480K [0x0000000704c00000, 0x0000000800000000)
  region size 2048K, 11 young (22528K), 0 survivors (0K)
 Metaspace       used 11900K, committed 12096K, reserved 1114112K
  class space    used 1218K, committed 1344K, reserved 1048576K
}
Event: 0.876 GC heap after
{Heap after GC invocations=1 (full 0):
 garbage-first heap   total 258048K, used 2890K [0x0000000704c00000, 0x0000000800000000)
  region size 2048K, 2 young (4096K), 2 survivors (4096K)
 Metaspace       used 11900K, committed 12096K, reserved 1114112K
  class space    used 1218K, committed 1344K, reserved 1048576K
}

Dll operation events (2 events):
Event: 0.017 Loaded shared library C:\Users\zeddi\.jdks\jbr-17.0.9\bin\java.dll
Event: 0.063 Loaded shared library C:\Users\zeddi\.jdks\jbr-17.0.9\bin\jsvml.dll

Deoptimization events (20 events):
Event: 1.419 Thread 0x0000026873b0da30 Uncommon trap: trap_request=0xffffffde fr.pc=0x000002685b35945c relative=0x000000000000051c
Event: 1.419 Thread 0x0000026873b0da30 Uncommon trap: reason=class_check action=maybe_recompile pc=0x000002685b35945c method=java.util.HashMap.getNode(Ljava/lang/Object;)Ljava/util/HashMap$Node; @ 128 c2
Event: 1.419 Thread 0x0000026873b0da30 DEOPT PACKING pc=0x000002685b35945c sp=0x000000e7193fcf70
Event: 1.419 Thread 0x0000026873b0da30 DEOPT UNPACKING pc=0x000002685ad9a1a3 sp=0x000000e7193fce88 mode 2
Event: 1.419 Thread 0x0000026873b0da30 Uncommon trap: trap_request=0xffffffde fr.pc=0x000002685b35945c relative=0x000000000000051c
Event: 1.419 Thread 0x0000026873b0da30 Uncommon trap: reason=class_check action=maybe_recompile pc=0x000002685b35945c method=java.util.HashMap.getNode(Ljava/lang/Object;)Ljava/util/HashMap$Node; @ 128 c2
Event: 1.419 Thread 0x0000026873b0da30 DEOPT PACKING pc=0x000002685b35945c sp=0x000000e7193fcf70
Event: 1.419 Thread 0x0000026873b0da30 DEOPT UNPACKING pc=0x000002685ad9a1a3 sp=0x000000e7193fce88 mode 2
Event: 1.419 Thread 0x0000026873b0da30 Uncommon trap: trap_request=0xffffffde fr.pc=0x000002685b3519d4 relative=0x0000000000000514
Event: 1.419 Thread 0x0000026873b0da30 Uncommon trap: reason=class_check action=maybe_recompile pc=0x000002685b3519d4 method=java.util.HashMap.getNode(Ljava/lang/Object;)Ljava/util/HashMap$Node; @ 128 c2
Event: 1.419 Thread 0x0000026873b0da30 DEOPT PACKING pc=0x000002685b3519d4 sp=0x000000e7193fcf00
Event: 1.419 Thread 0x0000026873b0da30 DEOPT UNPACKING pc=0x000002685ad9a1a3 sp=0x000000e7193fce88 mode 2
Event: 1.488 Thread 0x0000026873b0da30 Uncommon trap: trap_request=0xffffff45 fr.pc=0x000002685b319774 relative=0x0000000000000074
Event: 1.488 Thread 0x0000026873b0da30 Uncommon trap: reason=unstable_if action=reinterpret pc=0x000002685b319774 method=jdk.internal.misc.Unsafe.convEndian(ZI)I @ 4 c2
Event: 1.488 Thread 0x0000026873b0da30 DEOPT PACKING pc=0x000002685b319774 sp=0x000000e7193fd780
Event: 1.488 Thread 0x0000026873b0da30 DEOPT UNPACKING pc=0x000002685ad9a1a3 sp=0x000000e7193fd6b0 mode 2
Event: 1.490 Thread 0x0000026873b0da30 Uncommon trap: trap_request=0xffffff45 fr.pc=0x000002685b319d38 relative=0x0000000000000038
Event: 1.490 Thread 0x0000026873b0da30 Uncommon trap: reason=unstable_if action=reinterpret pc=0x000002685b319d38 method=jdk.internal.misc.Unsafe.convEndian(ZI)I @ 4 c2
Event: 1.490 Thread 0x0000026873b0da30 DEOPT PACKING pc=0x000002685b319d38 sp=0x000000e7193fd2c0
Event: 1.490 Thread 0x0000026873b0da30 DEOPT UNPACKING pc=0x000002685ad9a1a3 sp=0x000000e7193fd258 mode 2

Classes unloaded (0 events):
No events

Classes redefined (0 events):
No events

Internal exceptions (20 events):
Event: 0.330 Thread 0x000002685004afe0 Exception <a 'java/lang/NoSuchMethodError'{0x000000071413b1d0}: 'java.lang.Object java.lang.invoke.DirectMethodHandle$Holder.invokeStaticInit(java.lang.Object)'> (0x000000071413b1d0) 
thrown [s\src\hotspot\share\interpreter\linkResolver.cpp, line 771]
Event: 0.334 Thread 0x000002685004afe0 Exception <a 'java/lang/NoSuchMethodError'{0x0000000714142de0}: 'void java.lang.invoke.DirectMethodHandle$Holder.invokeStatic(java.lang.Object, java.lang.Object)'> (0x0000000714142de0) 
thrown [s\src\hotspot\share\interpreter\linkResolver.cpp, line 771]
Event: 0.615 Thread 0x000002685004afe0 Exception <a 'java/lang/NoSuchMethodError'{0x0000000713b366f8}: 'void java.lang.invoke.DirectMethodHandle$Holder.invokeSpecial(java.lang.Object, java.lang.Object, java.lang.Object)'> (0x0000000713b366f8) 
thrown [s\src\hotspot\share\interpreter\linkResolver.cpp, line 771]
Event: 0.627 Thread 0x000002685004afe0 Exception <a 'java/lang/NoSuchMethodError'{0x0000000713b6f6b8}: 'void java.lang.invoke.DirectMethodHandle$Holder.invokeStatic(java.lang.Object, java.lang.Object, java.lang.Object)'> (0x0000000713b6f6b8) 
thrown [s\src\hotspot\share\interpreter\linkResolver.cpp, line 771]
Event: 0.679 Thread 0x000002685004afe0 Exception <a 'java/lang/NoSuchMethodError'{0x0000000713b8c2a8}: 'int java.lang.invoke.DirectMethodHandle$Holder.invokeStaticInit(java.lang.Object, java.lang.Object, java.lang.Object)'> (0x0000000713b8c2a8) 
thrown [s\src\hotspot\share\interpreter\linkResolver.cpp, line 771]
Event: 0.708 Thread 0x000002685004afe0 Exception <a 'java/lang/NoSuchMethodError'{0x000000071395e4a8}: 'java.lang.Object java.lang.invoke.DirectMethodHandle$Holder.newInvokeSpecial(java.lang.Object, java.lang.Object, int, java.lang.Object)'> (0x000000071395e4a8) 
thrown [s\src\hotspot\share\interpreter\linkResolver.cpp, line 771]
Event: 0.709 Thread 0x000002685004afe0 Exception <a 'java/lang/NoSuchMethodError'{0x0000000713962888}: 'java.lang.Object java.lang.invoke.DirectMethodHandle$Holder.invokeSpecial(java.lang.Object, java.lang.Object, java.lang.Object, int, java.lang.Object)'> (0x0000000713962888) 
thrown [s\src\hotspot\share\interpreter\linkResolver.cpp, line 771]
Event: 0.784 Thread 0x0000026873b0da30 Exception <a 'java/lang/NoSuchMethodError'{0x0000000713421f48}: 'void java.lang.invoke.DirectMethodHandle$Holder.invokeStaticInit(java.lang.Object)'> (0x0000000713421f48) 
thrown [s\src\hotspot\share\interpreter\linkResolver.cpp, line 771]
Event: 0.790 Thread 0x000002685004afe0 Exception <a 'java/lang/NoSuchMethodError'{0x0000000713977918}: 'java.lang.Object java.lang.invoke.DirectMethodHandle$Holder.newInvokeSpecial(java.lang.Object, java.lang.Object, java.lang.Object, java.lang.Object, java.lang.Object, java.lang.Object)'> (0x0000000713977918) 
thrown [s\src\hotspot\share\interpreter\linkResolver.cpp, line 771]
Event: 0.799 Thread 0x000002685004afe0 Exception <a 'java/lang/NoSuchMethodError'{0x00000007139a8320}: 'java.lang.Object java.lang.invoke.DirectMethodHandle$Holder.newInvokeSpecial(java.lang.Object, java.lang.Object, java.lang.Object, java.lang.Object, java.lang.Object)'> (0x00000007139a8320) 
thrown [s\src\hotspot\share\interpreter\linkResolver.cpp, line 771]
Event: 0.802 Thread 0x0000026877e52ce0 Exception <a 'java/lang/NoSuchMethodError'{0x0000000713474fa8}: 'void java.lang.invoke.DirectMethodHandle$Holder.invokeStatic(java.lang.Object, java.lang.Object, java.lang.Object, java.lang.Object)'> (0x0000000713474fa8) 
thrown [s\src\hotspot\share\interpreter\linkResolver.cpp, line 771]
Event: 0.960 Thread 0x0000026873b0da30 Exception <a 'java/lang/NoSuchMethodError'{0x0000000714241a00}: 'java.lang.Object java.lang.invoke.DirectMethodHandle$Holder.invokeInterface(java.lang.Object, java.lang.Object)'> (0x0000000714241a00) 
thrown [s\src\hotspot\share\interpreter\linkResolver.cpp, line 771]
Event: 0.997 Thread 0x0000026873b0da30 Exception <a 'java/lang/NoSuchMethodError'{0x00000007142cf410}: 'java.lang.Object java.lang.invoke.DirectMethodHandle$Holder.invokeVirtual(java.lang.Object, java.lang.Object, java.lang.Object)'> (0x00000007142cf410) 
thrown [s\src\hotspot\share\interpreter\linkResolver.cpp, line 771]
Event: 1.258 Thread 0x0000026873b0da30 Exception <a 'java/lang/NoSuchMethodError'{0x000000071385fe08}: 'java.lang.Object java.lang.invoke.DirectMethodHandle$Holder.invokeStaticInit(java.lang.Object, java.lang.Object, java.lang.Object, java.lang.Object)'> (0x000000071385fe08) 
thrown [s\src\hotspot\share\interpreter\linkResolver.cpp, line 771]
Event: 1.260 Thread 0x0000026873b0da30 Exception <a 'java/lang/NullPointerException'{0x0000000713870028}> (0x0000000713870028) 
thrown [s\src\hotspot\share\interpreter\linkResolver.cpp, line 1362]
Event: 1.315 Thread 0x0000026873b0da30 Exception <a 'java/lang/ClassNotFoundException'{0x00000007136b30b8}: com/sun/glass/ui/win/themes> (0x00000007136b30b8) 
thrown [s\src\hotspot\share\prims\jni.cpp, line 536]
Event: 1.316 Thread 0x0000026873b0da30 Exception <a 'java/lang/ClassNotFoundException'{0x00000007136bed30}: com/sun/glass/ui/win/themes_fr> (0x00000007136bed30) 
thrown [s\src\hotspot\share\prims\jni.cpp, line 536]
Event: 1.317 Thread 0x0000026873b0da30 Exception <a 'java/lang/ClassNotFoundException'{0x00000007136c6df8}: com/sun/glass/ui/win/themes_fr_FR> (0x00000007136c6df8) 
thrown [s\src\hotspot\share\prims\jni.cpp, line 536]
Event: 1.454 Thread 0x0000026873b0da30 Exception <a 'java/lang/NoSuchMethodError'{0x00000007133ddfe0}: 'void java.lang.invoke.DirectMethodHandle$Holder.invokeStaticInit(java.lang.Object, java.lang.Object)'> (0x00000007133ddfe0) 
thrown [s\src\hotspot\share\interpreter\linkResolver.cpp, line 771]
Event: 1.473 Thread 0x0000026873b0da30 Exception <a 'java/lang/NoSuchMethodError'{0x0000000712d1d410}: 'void java.lang.invoke.DirectMethodHandle$Holder.invokeSpecial(java.lang.Object, java.lang.Object, java.lang.Object, java.lang.Object, java.lang.Object)'> (0x0000000712d1d410) 
thrown [s\src\hotspot\share\interpreter\linkResolver.cpp, line 771]

VM Operations (20 events):
Event: 0.215 Executing VM operation: HandshakeAllThreads
Event: 0.215 Executing VM operation: HandshakeAllThreads done
Event: 0.285 Executing VM operation: HandshakeAllThreads
Event: 0.285 Executing VM operation: HandshakeAllThreads done
Event: 0.692 Executing VM operation: HandshakeAllThreads
Event: 0.692 Executing VM operation: HandshakeAllThreads done
Event: 0.873 Executing VM operation: G1CollectForAllocation
Event: 0.876 Executing VM operation: G1CollectForAllocation done
Event: 0.927 Executing VM operation: HandshakeAllThreads
Event: 0.927 Executing VM operation: HandshakeAllThreads done
Event: 0.927 Executing VM operation: HandshakeAllThreads
Event: 0.927 Executing VM operation: HandshakeAllThreads done
Event: 0.936 Executing VM operation: HandshakeAllThreads
Event: 0.936 Executing VM operation: HandshakeAllThreads done
Event: 0.961 Executing VM operation: HandshakeAllThreads
Event: 0.961 Executing VM operation: HandshakeAllThreads done
Event: 1.079 Executing VM operation: HandshakeAllThreads
Event: 1.079 Executing VM operation: HandshakeAllThreads done
Event: 1.485 Executing VM operation: HandshakeAllThreads
Event: 1.485 Executing VM operation: HandshakeAllThreads done

Events (20 events):
Event: 1.484 loading class java/lang/reflect/ProxyGenerator
Event: 1.484 loading class java/lang/reflect/ProxyGenerator done
Event: 1.485 loading class java/lang/reflect/ProxyGenerator$ProxyMethod
Event: 1.485 loading class java/lang/reflect/ProxyGenerator$ProxyMethod done
Event: 1.486 loading class java/lang/reflect/ProxyGenerator$PrimitiveTypeInfo
Event: 1.486 loading class java/lang/reflect/ProxyGenerator$PrimitiveTypeInfo done
Event: 1.486 loading class jdk/internal/org/objectweb/asm/Edge
Event: 1.486 loading class jdk/internal/org/objectweb/asm/Edge done
Event: 1.487 loading class java/lang/reflect/Proxy$ProxyBuilder$1
Event: 1.487 loading class java/lang/reflect/Proxy$ProxyBuilder$1 done
Event: 1.487 loading class java/lang/annotation/Documented
Event: 1.487 loading class java/lang/annotation/Documented done
Event: 1.487 loading class sun/reflect/annotation/AnnotationTypeMismatchExceptionProxy
Event: 1.487 loading class sun/reflect/annotation/ExceptionProxy
Event: 1.487 loading class sun/reflect/annotation/ExceptionProxy done
Event: 1.487 loading class sun/reflect/annotation/AnnotationTypeMismatchExceptionProxy done
Event: 1.488 loading class java/lang/annotation/Target
Event: 1.488 loading class java/lang/annotation/Target done
Event: 1.489 loading class java/lang/reflect/UndeclaredThrowableException
Event: 1.490 loading class java/lang/reflect/UndeclaredThrowableException done


Dynamic libraries:
0x00007ff71b0c0000 - 0x00007ff71b0ca000 	C:\Users\zeddi\.jdks\jbr-17.0.9\bin\java.exe
0x00007ffed17f0000 - 0x00007ffed1a07000 	C:\WINDOWS\SYSTEM32\ntdll.dll
0x00007ffecfb90000 - 0x00007ffecfc54000 	C:\WINDOWS\System32\KERNEL32.DLL
0x00007ffeced10000 - 0x00007ffecf0b6000 	C:\WINDOWS\System32\KERNELBASE.dll
0x00007ffecf3f0000 - 0x00007ffecf501000 	C:\WINDOWS\System32\ucrtbase.dll
0x00007ffe9f230000 - 0x00007ffe9f247000 	C:\Users\zeddi\.jdks\jbr-17.0.9\bin\jli.dll
0x00007ffe87e50000 - 0x00007ffe87e6b000 	C:\Users\zeddi\.jdks\jbr-17.0.9\bin\VCRUNTIME140.dll
0x00007ffed01e0000 - 0x00007ffed038e000 	C:\WINDOWS\System32\USER32.dll
0x00007ffecf250000 - 0x00007ffecf276000 	C:\WINDOWS\System32\win32u.dll
0x00007ffecf870000 - 0x00007ffecf899000 	C:\WINDOWS\System32\GDI32.dll
0x00007ffecf130000 - 0x00007ffecf248000 	C:\WINDOWS\System32\gdi32full.dll
0x00007ffeb0d90000 - 0x00007ffeb1023000 	C:\WINDOWS\WinSxS\amd64_microsoft.windows.common-controls_6595b64144ccf1df_6.0.22621.2506_none_270c5ae97388e100\COMCTL32.dll
0x00007ffeceb30000 - 0x00007ffecebca000 	C:\WINDOWS\System32\msvcp_win.dll
0x00007ffecf950000 - 0x00007ffecf9f7000 	C:\WINDOWS\System32\msvcrt.dll
0x00007ffecfd20000 - 0x00007ffecfd51000 	C:\WINDOWS\System32\IMM32.DLL
0x00007ffe91060000 - 0x00007ffe9106c000 	C:\Users\zeddi\.jdks\jbr-17.0.9\bin\vcruntime140_1.dll
0x00007ffe73d30000 - 0x00007ffe73dbd000 	C:\Users\zeddi\.jdks\jbr-17.0.9\bin\msvcp140.dll
0x00007ffe12900000 - 0x00007ffe13582000 	C:\Users\zeddi\.jdks\jbr-17.0.9\bin\server\jvm.dll
0x00007ffecfc60000 - 0x00007ffecfd13000 	C:\WINDOWS\System32\ADVAPI32.dll
0x00007ffecf8a0000 - 0x00007ffecf948000 	C:\WINDOWS\System32\sechost.dll
0x00007ffecf510000 - 0x00007ffecf538000 	C:\WINDOWS\System32\bcrypt.dll
0x00007ffecf750000 - 0x00007ffecf867000 	C:\WINDOWS\System32\RPCRT4.dll
0x00007ffebf9a0000 - 0x00007ffebf9a9000 	C:\WINDOWS\SYSTEM32\WSOCK32.dll
0x00007ffed0160000 - 0x00007ffed01d1000 	C:\WINDOWS\System32\WS2_32.dll
0x00007ffec2f10000 - 0x00007ffec2f44000 	C:\WINDOWS\SYSTEM32\WINMM.dll
0x00007ffecdad0000 - 0x00007ffecdb1d000 	C:\WINDOWS\SYSTEM32\POWRPROF.dll
0x00007ffec4de0000 - 0x00007ffec4dea000 	C:\WINDOWS\SYSTEM32\VERSION.dll
0x00007ffecdab0000 - 0x00007ffecdac3000 	C:\WINDOWS\SYSTEM32\UMPDC.dll
0x00007ffecdc30000 - 0x00007ffecdc48000 	C:\WINDOWS\SYSTEM32\kernel.appcore.dll
0x00007ffe8ff40000 - 0x00007ffe8ff4a000 	C:\Users\zeddi\.jdks\jbr-17.0.9\bin\jimage.dll
0x00007ffecc1f0000 - 0x00007ffecc423000 	C:\WINDOWS\SYSTEM32\DBGHELP.DLL
0x00007ffecfdd0000 - 0x00007ffed0159000 	C:\WINDOWS\System32\combase.dll
0x00007ffed14e0000 - 0x00007ffed15b7000 	C:\WINDOWS\System32\OLEAUT32.dll
0x00007ffec0120000 - 0x00007ffec0152000 	C:\WINDOWS\SYSTEM32\dbgcore.DLL
0x00007ffecec90000 - 0x00007ffeced0a000 	C:\WINDOWS\System32\bcryptPrimitives.dll
0x00007ffe80480000 - 0x00007ffe804a5000 	C:\Users\zeddi\.jdks\jbr-17.0.9\bin\java.dll
0x00007ffe87700000 - 0x00007ffe87718000 	C:\Users\zeddi\.jdks\jbr-17.0.9\bin\zip.dll
0x00007ffe45c10000 - 0x00007ffe45ce7000 	C:\Users\zeddi\.jdks\jbr-17.0.9\bin\jsvml.dll
0x00007ffed0c80000 - 0x00007ffed14db000 	C:\WINDOWS\System32\SHELL32.dll
0x00007ffecca40000 - 0x00007ffecd336000 	C:\WINDOWS\SYSTEM32\windows.storage.dll
0x00007ffecc900000 - 0x00007ffecca3e000 	C:\WINDOWS\SYSTEM32\wintypes.dll
0x00007ffed0390000 - 0x00007ffed0483000 	C:\WINDOWS\System32\SHCORE.dll
0x00007ffecf5f0000 - 0x00007ffecf64e000 	C:\WINDOWS\System32\shlwapi.dll
0x00007ffecea60000 - 0x00007ffecea86000 	C:\WINDOWS\SYSTEM32\profapi.dll
0x00007ffe838b0000 - 0x00007ffe838c9000 	C:\Users\zeddi\.jdks\jbr-17.0.9\bin\net.dll
0x00007ffec8730000 - 0x00007ffec8867000 	C:\WINDOWS\SYSTEM32\WINHTTP.dll
0x00007ffece0b0000 - 0x00007ffece119000 	C:\WINDOWS\system32\mswsock.dll
0x00007ffe82d70000 - 0x00007ffe82d86000 	C:\Users\zeddi\.jdks\jbr-17.0.9\bin\nio.dll
0x000002684ff60000 - 0x000002684ff63000 	C:\Users\zeddi\.openjfx\cache\21.0.2+5\amd64\api-ms-win-core-console-l1-1-0.dll
0x000002684ff70000 - 0x000002684ff73000 	C:\Users\zeddi\.openjfx\cache\21.0.2+5\amd64\api-ms-win-core-console-l1-2-0.dll
0x000002684ff80000 - 0x000002684ff83000 	C:\Users\zeddi\.openjfx\cache\21.0.2+5\amd64\api-ms-win-core-datetime-l1-1-0.dll
0x000002684ff90000 - 0x000002684ff93000 	C:\Users\zeddi\.openjfx\cache\21.0.2+5\amd64\api-ms-win-core-debug-l1-1-0.dll
0x000002684ffa0000 - 0x000002684ffa3000 	C:\Users\zeddi\.openjfx\cache\21.0.2+5\amd64\api-ms-win-core-errorhandling-l1-1-0.dll
0x000002684ffb0000 - 0x000002684ffb4000 	C:\Users\zeddi\.openjfx\cache\21.0.2+5\amd64\api-ms-win-core-file-l1-1-0.dll
0x000002684ffc0000 - 0x000002684ffc3000 	C:\Users\zeddi\.openjfx\cache\21.0.2+5\amd64\api-ms-win-core-file-l1-2-0.dll
0x000002684ffd0000 - 0x000002684ffd3000 	C:\Users\zeddi\.openjfx\cache\21.0.2+5\amd64\api-ms-win-core-file-l2-1-0.dll
0x000002684ffe0000 - 0x000002684ffe3000 	C:\Users\zeddi\.openjfx\cache\21.0.2+5\amd64\api-ms-win-core-handle-l1-1-0.dll
0x000002684fff0000 - 0x000002684fff3000 	C:\Users\zeddi\.openjfx\cache\21.0.2+5\amd64\api-ms-win-core-heap-l1-1-0.dll
0x000002686ed70000 - 0x000002686ed73000 	C:\Users\zeddi\.openjfx\cache\21.0.2+5\amd64\api-ms-win-core-interlocked-l1-1-0.dll
0x000002686ed80000 - 0x000002686ed83000 	C:\Users\zeddi\.openjfx\cache\21.0.2+5\amd64\api-ms-win-core-libraryloader-l1-1-0.dll
0x000002686ed90000 - 0x000002686ed93000 	C:\Users\zeddi\.openjfx\cache\21.0.2+5\amd64\api-ms-win-core-localization-l1-2-0.dll
0x000002686eda0000 - 0x000002686eda3000 	C:\Users\zeddi\.openjfx\cache\21.0.2+5\amd64\api-ms-win-core-memory-l1-1-0.dll
0x000002686edb0000 - 0x000002686edb3000 	C:\Users\zeddi\.openjfx\cache\21.0.2+5\amd64\api-ms-win-core-namedpipe-l1-1-0.dll
0x000002686edc0000 - 0x000002686edc3000 	C:\Users\zeddi\.openjfx\cache\21.0.2+5\amd64\api-ms-win-core-processenvironment-l1-1-0.dll
0x000002686edd0000 - 0x000002686edd3000 	C:\Users\zeddi\.openjfx\cache\21.0.2+5\amd64\api-ms-win-core-processthreads-l1-1-0.dll
0x000002686ede0000 - 0x000002686ede3000 	C:\Users\zeddi\.openjfx\cache\21.0.2+5\amd64\api-ms-win-core-processthreads-l1-1-1.dll
0x000002686edf0000 - 0x000002686edf3000 	C:\Users\zeddi\.openjfx\cache\21.0.2+5\amd64\api-ms-win-core-profile-l1-1-0.dll
0x000002686ee00000 - 0x000002686ee03000 	C:\Users\zeddi\.openjfx\cache\21.0.2+5\amd64\api-ms-win-core-rtlsupport-l1-1-0.dll
0x000002686ee10000 - 0x000002686ee13000 	C:\Users\zeddi\.openjfx\cache\21.0.2+5\amd64\api-ms-win-core-string-l1-1-0.dll
0x000002686ee20000 - 0x000002686ee23000 	C:\Users\zeddi\.openjfx\cache\21.0.2+5\amd64\api-ms-win-core-synch-l1-1-0.dll
0x000002686ee30000 - 0x000002686ee33000 	C:\Users\zeddi\.openjfx\cache\21.0.2+5\amd64\api-ms-win-core-synch-l1-2-0.dll
0x000002686ee40000 - 0x000002686ee43000 	C:\Users\zeddi\.openjfx\cache\21.0.2+5\amd64\api-ms-win-core-sysinfo-l1-1-0.dll
0x000002686ee50000 - 0x000002686ee53000 	C:\Users\zeddi\.openjfx\cache\21.0.2+5\amd64\api-ms-win-core-timezone-l1-1-0.dll
0x000002686ee60000 - 0x000002686ee63000 	C:\Users\zeddi\.openjfx\cache\21.0.2+5\amd64\api-ms-win-core-util-l1-1-0.dll
0x000002686ee70000 - 0x000002686ee73000 	C:\Users\zeddi\.openjfx\cache\21.0.2+5\amd64\api-ms-win-crt-conio-l1-1-0.dll
0x000002686ee80000 - 0x000002686ee84000 	C:\Users\zeddi\.openjfx\cache\21.0.2+5\amd64\api-ms-win-crt-convert-l1-1-0.dll
0x000002686ee90000 - 0x000002686ee93000 	C:\Users\zeddi\.openjfx\cache\21.0.2+5\amd64\api-ms-win-crt-environment-l1-1-0.dll
0x000002686eea0000 - 0x000002686eea3000 	C:\Users\zeddi\.openjfx\cache\21.0.2+5\amd64\api-ms-win-crt-filesystem-l1-1-0.dll
0x000002686eeb0000 - 0x000002686eeb3000 	C:\Users\zeddi\.openjfx\cache\21.0.2+5\amd64\api-ms-win-crt-heap-l1-1-0.dll
0x000002686eec0000 - 0x000002686eec3000 	C:\Users\zeddi\.openjfx\cache\21.0.2+5\amd64\api-ms-win-crt-locale-l1-1-0.dll
0x000002686eed0000 - 0x000002686eed5000 	C:\Users\zeddi\.openjfx\cache\21.0.2+5\amd64\api-ms-win-crt-math-l1-1-0.dll
0x000002686eee0000 - 0x000002686eee5000 	C:\Users\zeddi\.openjfx\cache\21.0.2+5\amd64\api-ms-win-crt-multibyte-l1-1-0.dll
0x000002686eef0000 - 0x000002686ef00000 	C:\Users\zeddi\.openjfx\cache\21.0.2+5\amd64\api-ms-win-crt-private-l1-1-0.dll
0x000002686ef00000 - 0x000002686ef03000 	C:\Users\zeddi\.openjfx\cache\21.0.2+5\amd64\api-ms-win-crt-process-l1-1-0.dll
0x000002686ef10000 - 0x000002686ef14000 	C:\Users\zeddi\.openjfx\cache\21.0.2+5\amd64\api-ms-win-crt-runtime-l1-1-0.dll
0x000002686ef20000 - 0x000002686ef24000 	C:\Users\zeddi\.openjfx\cache\21.0.2+5\amd64\api-ms-win-crt-stdio-l1-1-0.dll
0x000002686ef30000 - 0x000002686ef34000 	C:\Users\zeddi\.openjfx\cache\21.0.2+5\amd64\api-ms-win-crt-string-l1-1-0.dll
0x000002686ef40000 - 0x000002686ef43000 	C:\Users\zeddi\.openjfx\cache\21.0.2+5\amd64\api-ms-win-crt-time-l1-1-0.dll
0x000002686ef50000 - 0x000002686ef53000 	C:\Users\zeddi\.openjfx\cache\21.0.2+5\amd64\api-ms-win-crt-utility-l1-1-0.dll
0x00007ffe454a0000 - 0x00007ffe4559c000 	C:\Users\zeddi\.openjfx\cache\21.0.2+5\amd64\ucrtbase.dll
0x00007ffe80460000 - 0x00007ffe8047b000 	C:\Users\zeddi\.openjfx\cache\21.0.2+5\amd64\vcruntime140.dll
0x00007ffe8fbb0000 - 0x00007ffe8fbbc000 	C:\Users\zeddi\.openjfx\cache\21.0.2+5\amd64\vcruntime140_1.dll
0x00007ffe55e90000 - 0x00007ffe55f1e000 	C:\Users\zeddi\.openjfx\cache\21.0.2+5\amd64\msvcp140.dll
0x00007ffe8f330000 - 0x00007ffe8f339000 	C:\Users\zeddi\.openjfx\cache\21.0.2+5\amd64\msvcp140_1.dll
0x00007ffe802c0000 - 0x00007ffe80301000 	C:\Users\zeddi\.openjfx\cache\21.0.2+5\amd64\msvcp140_2.dll
0x00007ffe80430000 - 0x00007ffe80460000 	C:\Users\zeddi\.openjfx\cache\21.0.2+5\amd64\prism_d3d.dll
0x00007ffeb6f50000 - 0x00007ffeb70f9000 	C:\WINDOWS\system32\d3d9.dll
0x00007ffecbec0000 - 0x00007ffecbeeb000 	C:\WINDOWS\SYSTEM32\dwmapi.dll
0x00007ffecbd70000 - 0x00007ffecbda9000 	C:\WINDOWS\SYSTEM32\dxcore.dll
0x00007ffecbc70000 - 0x00007ffecbd1b000 	C:\WINDOWS\system32\uxtheme.dll
0x00007ffe87b00000 - 0x00007ffe87caf000 	C:\WINDOWS\System32\DriverStore\FileRepository\iigd_dch.inf_amd64_e32ced29f236e322\igdumdim64.dll
0x00007ffed0a50000 - 0x00007ffed0bf0000 	C:\WINDOWS\System32\ole32.dll
0x00007ffe04210000 - 0x00007ffe08ab3000 	C:\WINDOWS\System32\DriverStore\FileRepository\iigd_dch.inf_amd64_e32ced29f236e322\igd9dxva64.dll
0x00007ffed0520000 - 0x00007ffed0994000 	C:\WINDOWS\System32\SETUPAPI.dll
0x00007ffece840000 - 0x00007ffece88e000 	C:\WINDOWS\SYSTEM32\cfgmgr32.dll
0x00007ffec0b30000 - 0x00007ffec0f39000 	C:\WINDOWS\System32\DriverStore\FileRepository\iigd_dch.inf_amd64_e32ced29f236e322\igdgmm64.dll
0x00007ffec88e0000 - 0x00007ffec892a000 	C:\WINDOWS\SYSTEM32\directxdatabasehelper.dll
0x00007ffe7e4c0000 - 0x00007ffe7e502000 	C:\Users\zeddi\.openjfx\cache\21.0.2+5\amd64\glass.dll
0x00007ffecf650000 - 0x00007ffecf749000 	C:\WINDOWS\System32\COMDLG32.dll
0x00007ffecfa00000 - 0x00007ffecfb51000 	C:\WINDOWS\System32\MSCTF.dll
0x00007ffeb84c0000 - 0x00007ffeb84e7000 	C:\WINDOWS\System32\DriverStore\FileRepository\iigd_dch.inf_amd64_e32ced29f236e322\igdinfo64.dll
0x00007ffeb9bc0000 - 0x00007ffebd354000 	C:\WINDOWS\System32\DriverStore\FileRepository\iigd_dch.inf_amd64_e32ced29f236e322\igc64.dll
0x00007ffecd610000 - 0x00007ffecd709000 	C:\WINDOWS\SYSTEM32\DNSAPI.dll
0x00007ffecd5e0000 - 0x00007ffecd60d000 	C:\WINDOWS\SYSTEM32\IPHLPAPI.DLL
0x00007ffecfdc0000 - 0x00007ffecfdc9000 	C:\WINDOWS\System32\NSI.dll
0x00007ffec4d70000 - 0x00007ffec4d7a000 	C:\Windows\System32\rasadhlp.dll
0x00007ffebd380000 - 0x00007ffebd403000 	C:\WINDOWS\System32\fwpuclnt.dll
0x00007ffe7e4a0000 - 0x00007ffe7e4b4000 	C:\Users\zeddi\.openjfx\cache\21.0.2+5\amd64\javafx_font.dll
0x00007ffeca470000 - 0x00007ffeca6e4000 	C:\WINDOWS\SYSTEM32\dwrite.dll

dbghelp: loaded successfully - version: 4.0.5 - missing functions: none
symbol engine: initialized successfully - sym options: 0x614 - pdb path: .;C:\Users\zeddi\.jdks\jbr-17.0.9\bin;C:\WINDOWS\SYSTEM32;C:\WINDOWS\WinSxS\amd64_microsoft.windows.common-controls_6595b64144ccf1df_6.0.22621.2506_none_270c5ae97388e100;C:\Users\zeddi\.jdks\jbr-17.0.9\bin\server;C:\Users\zeddi\.openjfx\cache\21.0.2+5\amd64;C:\WINDOWS\System32\DriverStore\FileRepository\iigd_dch.inf_amd64_e32ced29f236e322

VM Arguments:
jvm_args: --module-path=C:\Users\zeddi\.m2\repository\org\openjfx\javafx-base\21.0.2\javafx-base-21.0.2-win.jar;C:\Users\zeddi\.m2\repository\org\openjfx\javafx-base\21.0.2\javafx-base-21.0.2.jar;C:\Users\zeddi\.m2\repository\org\openjfx\javafx-controls\21.0.2\javafx-controls-21.0.2-win.jar;C:\Users\zeddi\.m2\repository\org\openjfx\javafx-controls\21.0.2\javafx-controls-21.0.2.jar;C:\Users\zeddi\.m2\repository\org\openjfx\javafx-fxml\21.0.2\javafx-fxml-21.0.2-win.jar;C:\Users\zeddi\.m2\repository\org\openjfx\javafx-fxml\21.0.2\javafx-fxml-21.0.2.jar;C:\Users\zeddi\.m2\repository\org\openjfx\javafx-graphics\21.0.2\javafx-graphics-21.0.2-win.jar;C:\Users\zeddi\.m2\repository\org\openjfx\javafx-graphics\21.0.2\javafx-graphics-21.0.2.jar --add-modules=javafx.base,javafx.controls,javafx.fxml,javafx.graphics 
java_command: edu.esprit.example.MainFX
java_class_path (initial): C:\Users\zeddi\OneDrive\Bureau\Pidev_3A4_CompilerCrew_Desktop_JavaFx_Tourney-Pulse\target\classes;C:\Users\zeddi\.m2\repository\com\fasterxml\jackson\core\jackson-annotations\2.17.0-rc1\jackson-annotations-2.17.0-rc1.jar;C:\Users\zeddi\.m2\repository\com\fasterxml\jackson\core\jackson-core\2.17.0-rc1\jackson-core-2.17.0-rc1.jar;C:\Users\zeddi\.m2\repository\com\fasterxml\jackson\core\jackson-databind\2.17.0-rc1\jackson-databind-2.17.0-rc1.jar;C:\Users\zeddi\.m2\repository\com\google\protobuf\protobuf-java\3.21.9\protobuf-java-3.21.9.jar;C:\Users\zeddi\.m2\repository\com\mysql\mysql-connector-j\8.0.33\mysql-connector-j-8.0.33.jar;C:\Users\zeddi\.m2\repository\de\jensd\fontawesomefx-commons\9.1.2\fontawesomefx-commons-9.1.2.jar;C:\Users\zeddi\.m2\repository\de\jensd\fontawesomefx-fontawesome\4.7.0-9.1.2\fontawesomefx-fontawesome-4.7.0-9.1.2.jar;C:\Users\zeddi\.m2\repository\net\bytebuddy\byte-buddy\1.14.9\byte-buddy-1.14.9.jar;C:\Users\zeddi\.m2\repository\org\controlsfx\controlsfx\11.1.2\controlsfx-11.1.2.jar
Launcher Type: SUN_STANDARD

[Global flags]
     intx CICompilerCount                          = 4                                         {product} {ergonomic}
     uint ConcGCThreads                            = 2                                         {product} {ergonomic}
     uint G1ConcRefinementThreads                  = 8                                         {product} {ergonomic}
   size_t G1HeapRegionSize                         = 2097152                                   {product} {ergonomic}
    uintx GCDrainStackTargetSize                   = 64                                        {product} {ergonomic}
   size_t InitialHeapSize                          = 264241152                                 {product} {ergonomic}
   size_t MarkStackSize                            = 4194304                                   {product} {ergonomic}
   size_t MaxHeapSize                              = 4215275520                                {product} {ergonomic}
   size_t MaxNewSize                               = 2529165312                                {product} {ergonomic}
   size_t MinHeapDeltaBytes                        = 2097152                                   {product} {ergonomic}
   size_t MinHeapSize                              = 8388608                                   {product} {ergonomic}
    uintx NonNMethodCodeHeapSize                   = 5839372                                {pd product} {ergonomic}
    uintx NonProfiledCodeHeapSize                  = 122909434                              {pd product} {ergonomic}
    uintx ProfiledCodeHeapSize                     = 122909434                              {pd product} {ergonomic}
    uintx ReservedCodeCacheSize                    = 251658240                              {pd product} {ergonomic}
     bool SegmentedCodeCache                       = true                                      {product} {ergonomic}
   size_t SoftMaxHeapSize                          = 4215275520                             {manageable} {ergonomic}
     bool UseCompressedClassPointers               = true                           {product lp64_product} {ergonomic}
     bool UseCompressedOops                        = true                           {product lp64_product} {ergonomic}
     bool UseG1GC                                  = true                                      {product} {ergonomic}
     bool UseLargePagesIndividualAllocation        = false                                  {pd product} {ergonomic}

Logging:
Log output configuration:
 #0: stdout all=warning uptime,level,tags
 #1: stderr all=off uptime,level,tags

Environment Variables:
PATH=C:\oraclexe\app\oracle\product\11.2.0\server\bin;C:\Windows\system32;C:\Windows;C:\Windows\System32\Wbem;C:\Windows\System32\WindowsPowerShell\v1.0\;C:\Windows\System32\OpenSSH\;C:\Program Files (x86)\NVIDIA Corporation\PhysX\Common;C:\Program Files\NVIDIA Corporation\NVIDIA NvDLISR;C:\WINDOWS\system32;C:\WINDOWS;C:\WINDOWS\System32\Wbem;C:\WINDOWS\System32\WindowsPowerShell\v1.0\;C:\WINDOWS\System32\OpenSSH\;C:\oraclexe\app\oracle\product\11.2.0\server\bin;C:\oraclexe\app\oracle\admin\XE;C:\oraclexe;C:\instantclient;C:\Strawberry\c\bin;C:\Strawberry\perl\site\bin;C:\Strawberry\perl\bin;C:\xampp\php;C:\Users\zeddi\.jdks\jbr-17.0.9\bin;C:\Users\zeddi\scoop\shims;C:\Users\zeddi\AppData\Local\Microsoft\WindowsApps;C:\Users\zeddi\AppData\Local\ComposerSetup\bin;C:\Users\zeddi\AppData\Roaming\Composer\vendor\bin;C:\Users\zeddi\AppData\Local\Programs\Microsoft VS Code\bin;C:\Program Files\JetBrains\IntelliJ IDEA 2023.3.4\bin;;C:\Users\zeddi\AppData\Local\GitHubDesktop\bin
USERNAME=zeddi
OS=Windows_NT
PROCESSOR_IDENTIFIER=Intel64 Family 6 Model 140 Stepping 1, GenuineIntel
TMP=C:\Users\zeddi\AppData\Local\Temp
TEMP=C:\Users\zeddi\AppData\Local\Temp



Periodic native trim disabled

JNI global refs:
JNI global refs: 22, weak refs: 0

JNI global refs memory usage: 843, weak refs: 841

OOME stack traces (most recent first):
Classloader memory used:
Loader bootstrap                                                                       : 1579K
Loader jdk.internal.loader.ClassLoaders$AppClassLoader                                 : 993K
Loader jdk.internal.loader.ClassLoaders$PlatformClassLoader                            : 43417B
Loader jdk.internal.reflect.DelegatingClassLoader                                      : 929B
Loader com.sun.javafx.reflect.MethodUtil                                               : 364B


---------------  S Y S T E M  ---------------

OS:
 Windows 11 , 64 bit Build 22621 (10.0.22621.3085)
OS uptime: 10 days 6:36 hours
Hyper-V role detected

CPU: total 8 (initial active 8) (4 cores per cpu, 2 threads per core) family 6 model 140 stepping 1 microcode 0x9a, cx8, cmov, fxsr, ht, mmx, 3dnowpref, sse, sse2, sse3, ssse3, sse4.1, sse4.2, popcnt, lzcnt, tsc, tscinvbit, avx, avx2, aes, erms, clmul, bmi1, bmi2, adx, avx512f, avx512dq, avx512cd, avx512bw, avx512vl, sha, fma, vzeroupper, avx512_vpopcntdq, avx512_vpclmulqdq, avx512_vaes, avx512_vnni, clflush, clflushopt, clwb, avx512_vbmi2, avx512_vbmi, hv
Processor Information for processor 0
  Max Mhz: 2419, Current Mhz: 2419, Mhz Limit: 2419
Processor Information for processor 1
  Max Mhz: 2419, Current Mhz: 1007, Mhz Limit: 2419
Processor Information for processor 2
  Max Mhz: 2419, Current Mhz: 2419, Mhz Limit: 2419
Processor Information for processor 3
  Max Mhz: 2419, Current Mhz: 2419, Mhz Limit: 2419
Processor Information for processor 4
  Max Mhz: 2419, Current Mhz: 2419, Mhz Limit: 2419
Processor Information for processor 5
  Max Mhz: 2419, Current Mhz: 2419, Mhz Limit: 2419
Processor Information for processor 6
  Max Mhz: 2419, Current Mhz: 2419, Mhz Limit: 2419
Processor Information for processor 7
  Max Mhz: 2419, Current Mhz: 2419, Mhz Limit: 2419

Memory: 4k page, system-wide physical 16078M (1482M free)
TotalPageFile size 65230M (AvailPageFile size 4M)
current process WorkingSet (physical memory assigned to process): 136M, peak: 136M
current process commit charge ("private bytes"): 400M, peak: 401M

vm_info: OpenJDK 64-Bit Server VM (17.0.9+8-b1166.2) for windows-amd64 JRE (17.0.9+8-b1166.2), built on 2024-01-13 by "builduser" with MS VC++ 16.10 / 16.11 (VS2019)

END.
